2022/01/06 14:05:04 global-const.go:220: Set env var to default {IS_DEBUG: debug-off}
2022/01/06 14:05:04 global-const.go:220: Set env var to default {TEST_IMG_NAME: redis:5.0.3-alpine3.8}
2022/01/06 14:05:04 global-const.go:220: Set env var to default {FALCON_WORKER_IMAGE: falcon-lime:latest}
2022/01/06 14:05:04 global-const.go:223: Read user defined env var {TASK_DATA_PATH: /dataPath}
2022/01/06 14:05:04 global-const.go:223: Read user defined env var {TASK_MODEL_PATH: /modelPath}
2022/01/06 14:05:04 global-const.go:223: Read user defined env var {TASK_DATA_OUTPUT: /dataOutputPath}
2022/01/06 14:05:04 global-const.go:223: Read user defined env var {RUN_TIME_LOGS: /opt/falcon/src/falcon_platform/falcon_logs/Party-2_20220106_214731/runtime_logs/party2-distributed-worker2-job2-train}
2022/01/06 14:05:04 global-const.go:223: Read user defined env var {WORKER_ADDR: 127.0.0.1:22111}
2022/01/06 14:05:04 global-const.go:223: Read user defined env var {MASTER_ADDR: 127.0.0.1:22059}
2022/01/06 14:05:04 global-const.go:223: Read user defined env var {WORKER_ID: 2}
2022/01/06 14:05:04 global-const.go:223: Read user defined env var {GROUP_ID: 0}
2022/01/06 14:05:04 global-const.go:223: Read user defined env var {PARTY_ID: 2}
2022/01/06 14:05:04 global-const.go:223: Read user defined env var {DISTRIBUTED_ROLE: 1}
2022/01/06 14:05:04 global-const.go:223: Read user defined env var {MPC_EXE_PATH: /opt/falcon/third_party/MP-SPDZ/semi-party.x}
2022/01/06 14:05:04 global-const.go:223: Read user defined env var {FL_ENGINE_PATH: /opt/falcon/build/src/executor/falcon}
2022/01/06 14:05:04 falcon_platform.go:270: common.MpcExecutorPortFileBasePath is /opt/falcon/third_party/MP-SPDZ/Programs/Public-Input/
2022/01/06 14:05:04 global-const.go:220: Set env var to default {EXECUTOR_NAME: }
2022/01/06 14:05:04 falcon_platform.go:369: Launching falcon_platform, the common.WorkerType 
2022/01/06 14:05:04 rpcbase.go:28: [rpcbase] InitRpcBase called with Addr 127.0.0.1:22111
2022/01/06 14:05:04 workerbase.go:172: [WorkerBase]: reset called
2022/01/06 14:05:04 trainworker.go:47: [TrainWorker] Worker initialized, WorkerName=TrainWorker, WorkerID=2, PartyID=2, DistributedRole=distributed-worker 
2022/01/06 14:05:04 workerbase.go:60: [WorkerBase]: RunWorker called
2022/01/06 14:05:04 trainworker.go:74: [TrainWorker] from PartyID 2 to register to masterAddr(127.0.0.1:22059)
2022/01/06 14:05:04 workerbase.go:98: [WorkerBase]: call Master.RegisterWorker to register WorkerAddr: 127.0.0.1:22111 
2022/01/06 14:05:04 rpc_utils.go:49: ----Rpc Call----, addr: 127.0.0.1:22059, methodName: Master.RegisterWorker 
2022/01/06 14:05:04 rpcbase.go:42: [TrainWorker]: listening on tcp, 0.0.0.0:22111 
2022/01/06 14:05:04 trainworker.go:177: [TrainWorker] TrainWorker.RunMpc called, mpcAlgorithmName: vfl_decision_tree
2022/01/06 14:05:04 manager.go:105: [ResourceManager]: DeleteResources done
2022/01/06 14:05:04 traintask.go:16: [TrainWorker]: spawn thread for mpc
2022/01/06 14:05:04 traintask.go:1056: [TrainWorker]: begin task mpc
2022/01/06 14:05:04 traintask.go:1062: [TrainWorker]: Third Party base path for executing semi-party.x is : "/opt/falcon/third_party/MP-SPDZ"
2022/01/06 14:05:04 traintask.go:1069: [TrainWorker]: Config mpc-network file, write [127.0.0.1:22077
127.0.0.1:22096
127.0.0.1:22115] to file [/opt/falcon/third_party/MP-SPDZ/mpc-network-2] 
2022/01/06 14:05:04 traintask.go:1087: [TrainWorker]: Config mpcExecutorPortFile file, write [56000] to file [/opt/falcon/third_party/MP-SPDZ/Programs/Public-Input/vfl_decision_tree] 
2022/01/06 14:05:04 traintask.go:1102: [TrainWorker]: Config mpcExecutorPairNetworkCfgPath file, write port [56000] to file [/opt/falcon/third_party/MP-SPDZ/Programs/Public-Input/vfl_decision_tree] 
2022/01/06 14:05:04 traintask.go:1132: ---------------------------------------------------------------------------------
2022/01/06 14:05:04 traintask.go:1133: [TrainWorker]: cmd is "/opt/falcon/third_party/MP-SPDZ/semi-party.x -F -N 3 -p 2 -I -ip /opt/falcon/third_party/MP-SPDZ/mpc-network-2 vfl_decision_tree"
2022/01/06 14:05:04 traintask.go:1134: ---------------------------------------------------------------------------------
2022/01/06 14:05:04 mngr-process.go:123: [subProcessMngr]: open subProcess, PID= 929
2022/01/06 14:05:06 workerbase.go:172: [WorkerBase]: reset called
2022/01/06 14:05:09 trainworker.go:179: [TrainWorker]: WorkerAddr 127.0.0.1:22111, TrainWorker.RunMpc for task vfl_decision_tree done
2022/01/06 14:05:09 trainworker.go:90: [TrainWorker] TrainWorker.DoTask called, taskName: model_training
2022/01/06 14:05:09 trainworker.go:239: [TrainWorker]: ----------- WorkerAddr , printParams ----------- decision_tree
2022/01/06 14:05:09 trainworker.go:262: [TrainWorker]: original params = {state:{NoUnkeyedLiterals:{} DoNotCompare:[] DoNotCopy:[] atomicMessageInfo:0xc0000ada90} sizeCache:0 unknownFields:[] TreeType:classification Criterion:gini SplitStrategy:best ClassNum:2 MaxDepth:3 MaxBins:8 MinSamplesSplit:5 MinSamplesLeaf:5 MaxLeafNodes:16 MinImpurityDecrease:0.1 MinImpuritySplit:0.001 DpBudget:0.1}
2022/01/06 14:05:09 trainworker.go:266: structed params ={
	"tree_type": "classification",
	"criterion": "gini",
	"split_strategy": "best",
	"class_num": 2,
	"max_depth": 3,
	"max_bins": 8,
	"min_samples_split": 5,
	"min_samples_leaf": 5,
	"max_leaf_nodes": 16,
	"min_impurity_decrease": 0.1,
	"min_impurity_split": 0.001,
	"dp_budget": 0.1
}
2022/01/06 14:05:09 trainworker.go:359: [TrainWorker]: ----------- WorkerAddr , printParams Done-----------
2022/01/06 14:05:09 traintask.go:142: [TrainWorker]: begin task model training
2022/01/06 14:05:09 traintask.go:211: [PartyServer]: training method: distributed,  current distributed role:  1
2022/01/06 14:05:09 traintask.go:281: ---------------------------------------------------------------------------------
2022/01/06 14:05:09 traintask.go:282: [TrainWorker]: cmd is "/opt/falcon/build/src/executor/falcon --party-id 2 --party-num 3 --party-type 1 --fl-setting 1 --network-file CgkxMjcuMC4wLjEKCTEyNy4wLjAuMQoJMTI3LjAuMC4xEgsKCbqsAbusAbysARILCgnNrAHOrAHPrAESCwoJ4KwB4awB4qwBGgsKCcC1A8C1A8C1Aw== --log-file /opt/falcon/src/falcon_platform/falcon_logs/Party-2_20220106_214731/runtime_logs/party2-distributed-worker2-job2-train-decision_tree/distributed-worker-2 --data-input-file /dataOutputPath/client.txt --data-output-file 0 --existing-key 1 --key-file /dataPath/phe_keys --algorithm-name decision_tree --algorithm-params Cg5jbGFzc2lmaWNhdGlvbhIEZ2luaRoEYmVzdCACKAMwCDgFQAVIEFGamZmZmZm5P1n8qfHSTWJQP2GamZmZmZm5Pw== --model-save-file /modelPath/saved_model.pb --model-report-file /modelPath/report.txt --is-inference 0 --inference-endpoint 0 --is-distributed 1 --distributed-train-network-file Cg8KCTEyNy4wLjAuMRDerAEKDwoJMTI3LjAuMC4xEOSsARIPCgkxMjcuMC4wLjEQ16wBEg8KCTEyNy4wLjAuMRDYrAE= --worker-id 2 --distributed-role 1"
2022/01/06 14:05:09 traintask.go:283: ---------------------------------------------------------------------------------
2022/01/06 14:05:09 traintask.go:286: [TrainWorker]: task model training start
2022/01/06 14:05:09 mngr-process.go:123: [subProcessMngr]: open subProcess, PID= 933
2022/01/06 14:05:16 workerbase.go:172: [WorkerBase]: reset called
2022/01/06 14:05:26 workerbase.go:172: [WorkerBase]: reset called
2022/01/06 14:05:36 workerbase.go:172: [WorkerBase]: reset called
2022/01/06 14:05:46 workerbase.go:172: [WorkerBase]: reset called
2022/01/06 14:05:56 workerbase.go:172: [WorkerBase]: reset called
2022/01/06 14:06:06 workerbase.go:172: [WorkerBase]: reset called
2022/01/06 14:06:16 workerbase.go:172: [WorkerBase]: reset called
2022/01/06 14:06:22 manager.go:105: [ResourceManager]: DeleteResources done
2022/01/06 14:06:22 trainworker.go:92: [TrainWorker]: WorkerAddr 127.0.0.1:22111, TrainWorker.DoTask Done for task model_training 
2022/01/06 14:06:37 workerbase.go:145: [TrainWorker]: Timeout, server 127.0.0.1:22111 suicide 
2022/01/06 14:06:37 rpc_utils.go:49: ----Rpc Call----, addr: 127.0.0.1:22111, methodName: TrainWorker.Shutdown 
2022/01/06 14:06:37 workerbase.go:110: [WorkerBase]: Shutdown called, TrainWorker: Shutdown 127.0.0.1:22111
2022/01/06 14:06:37 manager.go:100: [ResourceManager]: Wait worker kill all process/containers
2022/01/06 14:06:37 manager.go:105: [ResourceManager]: DeleteResources done
2022/01/06 14:06:37 manager.go:105: [ResourceManager]: DeleteResources done
2022/01/06 14:06:37 rpcbase.go:90: [TrainWorker]: Listener.Accept Error: accept tcp [::]:22111: use of closed network connection 
2022/01/06 14:06:37 workerbase.go:152: [TrainWorker]: WorkerBase timeout, RPC 127.0.0.1:22111 shutdown successfully
2022/01/06 14:06:37 workerbase.go:139: [TrainWorker]: server 127.0.0.1:22111 quit HeartBeat eventLoop 
2022/01/06 14:06:37 mngr-process.go:168: [subProcessMngr]: Manually Killed PID=cmd.Process.Pid 929
2022/01/06 14:06:38 mngr-process.go:144: [subProcessMngr]: subprocess exit status: << signal: quit (core dumped) >> 
2022/01/06 14:06:38 manager.go:86: [ResourceManager]: CreateResources error msg is: 
============> 
Start listening on thread 140678147962624
Party 2 is listening on port 56002 for external client connections.
Thread 140678147962624 found server.
Party 2 received external client connection from client id: 1
Thread 140678147962624 found server.
Party 2 received external client connection from client id: 0
Thread 140678147962624 found server.
Party 2 received external client connection from client id: 2
REWINDING - ONLY FOR BENCHMARKING
Thread 140678147962624 found server.
Party 2 received external client connection from client id: 1
Thread 140678147962624 found server.
Party 2 received external client connection from client id: 2
Thread 140678147962624 found server.
Party 2 received external client connection from client id: 0
Thread 140678147962624 found server.
Party 2 received external client connection from client id: 2
Thread 140678147962624 found server.
Party 2 received external client connection from client id: 1
Thread 140678147962624 found server.
Party 2 received external client connection from client id: 0
Thread 140678147962624 found server.
Party 2 received external client connection from client id: 2
Thread 140678147962624 found server.
Party 2 received external client connection from client id: 1
Thread 140678147962624 found server.
Party 2 received external client connection from client id: 0
Thread 140678147962624 found server.
Party 2 received external client connection from client id: 2
Thread 140678147962624 found server.
Party 2 received external client connection from client id: 1
Thread 140678147962624 found server.
Party 2 received external client connection from client id: 0
Thread 140678147962624 found server.
Party 2 received external client connection from client id: 2
Thread 140678147962624 found server.
Party 2 received external client connection from client id: 0
Thread 140678147962624 found server.
Party 2 received external client connection from client id: 1
Thread 140678147962624 found server.
Party 2 received external client connection from client id: 2
Thread 140678147962624 found server.
Party 2 received external client connection from client id: 1
Thread 140678147962624 found server.
Party 2 received external client connection from client id: 0
Thread 140678147962624 found server.
 
<============
