2022/01/06 21:47:30 global-const.go:223: Read user defined env var {IS_DEBUG: debug-off}
2022/01/06 21:47:30 global-const.go:220: Set env var to default {TEST_IMG_NAME: redis:5.0.3-alpine3.8}
2022/01/06 21:47:30 global-const.go:220: Set env var to default {FALCON_WORKER_IMAGE: falcon-lime:latest}
2022/01/06 21:47:30 global-const.go:223: Read user defined env var {COORD_SERVER_IP: 127.0.0.1}
2022/01/06 21:47:30 global-const.go:223: Read user defined env var {COORD_SERVER_PORT: 30004}
2022/01/06 21:47:30 global-const.go:223: Read user defined env var {PARTY_SERVER_IP: 127.0.0.1}
2022/01/06 21:47:30 global-const.go:223: Read user defined env var {PARTY_SERVER_NODE_PORT: 30005}
2022/01/06 21:47:30 global-const.go:223: Read user defined env var {PARTY_ID: 0}
2022/01/06 21:47:30 global-const.go:223: Read user defined env var {MPC_EXE_PATH: /opt/falcon/third_party/MP-SPDZ/semi-party.x}
2022/01/06 21:47:30 global-const.go:223: Read user defined env var {FL_ENGINE_PATH: /opt/falcon/build/src/executor/falcon}
2022/01/06 21:47:30 falcon_platform.go:170: common.MpcExecutorPortFileBasePath is /opt/falcon/third_party/MP-SPDZ/Programs/Public-Input/
2022/01/06 21:47:30 global-const.go:223: Read user defined env var {PARTY_SERVER_CLUSTER_IPS: 127.0.0.1}
2022/01/06 21:47:30 global-const.go:223: Read user defined env var {PARTY_SERVER_CLUSTER_LABEL: host}
2022/01/06 21:47:30 falcon_platform.go:185: common.PartyServerClusterIPs is [127.0.0.1]
2022/01/06 21:47:30 falcon_platform.go:186: common.PartyServerClusterIPs is [host]
2022/01/06 21:47:30 falcon_platform.go:348: Launch falcon_platform, Service is  partyserver
2022/01/06 21:47:30 run_partyserver.go:78: RunPartyServer: connecting to Coordinator 127.0.0.1:30004 to AddPort
2022/01/06 21:47:30 run_partyserver.go:81: RunPartyServer: PartyServerAdd  127.0.0.1
2022/01/06 21:47:30 run_partyserver.go:88: [party server 0] listening on IP: 127.0.0.1, Port: 30005
2022/01/06 21:49:03 router.go:36: [PartyServer]: RunWorker registering partyServerPort to coord 30005
2022/01/06 21:49:03 controller.go:41: [PartyServer]: PartyServer setup workers, workerGroupNum =  1  workerPreGroup =  3 totalWorkers= 3
2022/01/06 21:49:03 controller.go:100: [PartyServer]: PartyServer deploy worker and ps for group 0 ...
2022/01/06 21:49:03 controller.go:104: [PartyServer]: PartyServer setup one worker as parameter server to conduct distributed training
2022/01/06 21:49:03 controller.go:20: [PartyServer]: PartyServer Schedule worker 0 to node 0 
2022/01/06 21:49:03 deploy-docker.go:98: [JobManager]: Current in docker, TrainWorker, svcName party0-distributed-parameter-server0-job1-train
2022/01/06 21:49:03 deploy-docker.go:111: [JobManager]: common.TaskRuntimeLogs is  /opt/falcon/src/falcon_platform/falcon_logs/Party-0_20220106_214726/runtime_logs/party0-distributed-parameter-server0-job1-train
2022/01/06 21:49:03 deploy-docker.go:230: [JobManager]: DistributedParameterServer, map 2 ports to host
2022/01/06 21:49:03 deploy-docker.go:232: [JobManager]: DistributedParameterServer, WorkerPort is 22002, PsExecutorPorts is [22007 22008]
2022/01/06 21:49:03 controller.go:141: [PartyServer]: PartyServer setup one worker 1 as train worker to conduct distributed training
2022/01/06 21:49:03 controller.go:20: [PartyServer]: PartyServer Schedule worker 1 to node 0 
2022/01/06 21:49:03 utils.go:175: [ExecuteCmd]: /usr/bin/docker service create \
--name party0-distributed-parameter-server0-job1-train-time-1641476943 \
--network host \
--replicas 1 \
--mount type=bind,source=/opt/falcon/data/dataset/breast_cancer_data/client0,destination=/dataPath \
--mount type=bind,source=/opt/falcon/data/dataset/breast_cancer_data/client0,destination=/dataOutputPath \
--mount type=bind,source=/opt/falcon/data/dataset/breast_cancer_data/client0,destination=/modelPath \
--mount type=bind,source=/opt/falcon/src/falcon_platform/falcon_logs/Party-0_20220106_214726,destination=/opt/falcon/src/falcon_platform/falcon_logs/Party-0_20220106_214726 \
--env ENV=subprocess \
--env SERVICE_NAME=TrainWorker \
--env LOG_PATH=/opt/falcon/src/falcon_platform/falcon_logs/Party-0_20220106_214726 \
--env TASK_DATA_PATH=/dataPath \
--env TASK_MODEL_PATH=/modelPath \
--env TASK_DATA_OUTPUT=/dataOutputPath \
--env RUN_TIME_LOGS=/opt/falcon/src/falcon_platform/falcon_logs/Party-0_20220106_214726/runtime_logs/party0-distributed-parameter-server0-job1-train \
--env WORKER_ADDR=127.0.0.1:22002 \
--env MASTER_ADDR=127.0.0.1:22001 \
--env WORKER_ID=0 \
--env GROUP_ID=0 \
--env PARTY_ID=0 \
--env DISTRIBUTED_ROLE=0 \
--env EXECUTOR_TYPE=TrainWorker \
--env MPC_EXE_PATH=/opt/falcon/third_party/MP-SPDZ/semi-party.x \
--env FL_ENGINE_PATH=/opt/falcon/build/src/executor/falcon \
--constraint node.labels.name==host falcon-lime:latest
2022/01/06 21:49:03 controller.go:161: [PartyServer]: PartyServer setup one worker as train worker with workerID=1 to conduct distributed training
2022/01/06 21:49:03 deploy-docker.go:98: [JobManager]: Current in docker, TrainWorker, svcName party0-distributed-worker1-job1-train
2022/01/06 21:49:03 deploy-docker.go:111: [JobManager]: common.TaskRuntimeLogs is  /opt/falcon/src/falcon_platform/falcon_logs/Party-0_20220106_214726/runtime_logs/party0-distributed-worker1-job1-train
2022/01/06 21:49:03 deploy-docker.go:186: [JobManager]: DistributedWorker, map 3 ports to host
2022/01/06 21:49:03 deploy-docker.go:188: [JobManager]: DistributedWorker, WorkerPort is 22009, ExecutorExecutorPort is [22010 22011 22012], ExecutorPSPort is 22014
2022/01/06 21:49:03 controller.go:141: [PartyServer]: PartyServer setup one worker 2 as train worker to conduct distributed training
2022/01/06 21:49:03 controller.go:20: [PartyServer]: PartyServer Schedule worker 2 to node 0 
2022/01/06 21:49:03 utils.go:175: [ExecuteCmd]: /usr/bin/docker service create \
--name party0-distributed-worker1-job1-train-time-1641476943 \
--network host \
--replicas 1 \
--mount type=bind,source=/opt/falcon/data/dataset/breast_cancer_data/client0,destination=/dataPath \
--mount type=bind,source=/opt/falcon/data/dataset/breast_cancer_data/client0,destination=/dataOutputPath \
--mount type=bind,source=/opt/falcon/data/dataset/breast_cancer_data/client0,destination=/modelPath \
--mount type=bind,source=/opt/falcon/src/falcon_platform/falcon_logs/Party-0_20220106_214726,destination=/opt/falcon/src/falcon_platform/falcon_logs/Party-0_20220106_214726 \
--env ENV=subprocess \
--env SERVICE_NAME=TrainWorker \
--env LOG_PATH=/opt/falcon/src/falcon_platform/falcon_logs/Party-0_20220106_214726 \
--env TASK_DATA_PATH=/dataPath \
--env TASK_MODEL_PATH=/modelPath \
--env TASK_DATA_OUTPUT=/dataOutputPath \
--env RUN_TIME_LOGS=/opt/falcon/src/falcon_platform/falcon_logs/Party-0_20220106_214726/runtime_logs/party0-distributed-worker1-job1-train \
--env WORKER_ADDR=127.0.0.1:22009 \
--env MASTER_ADDR=127.0.0.1:22001 \
--env WORKER_ID=1 \
--env GROUP_ID=0 \
--env PARTY_ID=0 \
--env DISTRIBUTED_ROLE=1 \
--env EXECUTOR_TYPE=TrainWorker \
--env MPC_EXE_PATH=/opt/falcon/third_party/MP-SPDZ/semi-party.x \
--env FL_ENGINE_PATH=/opt/falcon/build/src/executor/falcon \
--constraint node.labels.name==host falcon-lime:latest
2022/01/06 21:49:03 controller.go:161: [PartyServer]: PartyServer setup one worker as train worker with workerID=2 to conduct distributed training
2022/01/06 21:49:03 deploy-docker.go:98: [JobManager]: Current in docker, TrainWorker, svcName party0-distributed-worker2-job1-train
2022/01/06 21:49:03 deploy-docker.go:111: [JobManager]: common.TaskRuntimeLogs is  /opt/falcon/src/falcon_platform/falcon_logs/Party-0_20220106_214726/runtime_logs/party0-distributed-worker2-job1-train
2022/01/06 21:49:03 deploy-docker.go:186: [JobManager]: DistributedWorker, map 3 ports to host
2022/01/06 21:49:03 deploy-docker.go:188: [JobManager]: DistributedWorker, WorkerPort is 22015, ExecutorExecutorPort is [22016 22017 22018], ExecutorPSPort is 22020
2022/01/06 21:49:03 utils.go:175: [ExecuteCmd]: /usr/bin/docker service create \
--name party0-distributed-worker2-job1-train-time-1641476943 \
--network host \
--replicas 1 \
--mount type=bind,source=/opt/falcon/data/dataset/breast_cancer_data/client0,destination=/dataPath \
--mount type=bind,source=/opt/falcon/data/dataset/breast_cancer_data/client0,destination=/dataOutputPath \
--mount type=bind,source=/opt/falcon/data/dataset/breast_cancer_data/client0,destination=/modelPath \
--mount type=bind,source=/opt/falcon/src/falcon_platform/falcon_logs/Party-0_20220106_214726,destination=/opt/falcon/src/falcon_platform/falcon_logs/Party-0_20220106_214726 \
--env ENV=subprocess \
--env SERVICE_NAME=TrainWorker \
--env LOG_PATH=/opt/falcon/src/falcon_platform/falcon_logs/Party-0_20220106_214726 \
--env TASK_DATA_PATH=/dataPath \
--env TASK_MODEL_PATH=/modelPath \
--env TASK_DATA_OUTPUT=/dataOutputPath \
--env RUN_TIME_LOGS=/opt/falcon/src/falcon_platform/falcon_logs/Party-0_20220106_214726/runtime_logs/party0-distributed-worker2-job1-train \
--env WORKER_ADDR=127.0.0.1:22015 \
--env MASTER_ADDR=127.0.0.1:22001 \
--env WORKER_ID=2 \
--env GROUP_ID=0 \
--env PARTY_ID=0 \
--env DISTRIBUTED_ROLE=1 \
--env EXECUTOR_TYPE=TrainWorker \
--env MPC_EXE_PATH=/opt/falcon/third_party/MP-SPDZ/semi-party.x \
--env FL_ENGINE_PATH=/opt/falcon/build/src/executor/falcon \
--constraint node.labels.name==host falcon-lime:latest
2022/01/06 21:49:19 utils.go:165: [ExecuteCmd]: ErrorLog is  image falcon-lime:latest could not be accessed on a registry to record
its digest. Each node will access falcon-lime:latest independently,
possibly leading to different nodes running different
versions of the image.


2022/01/06 21:49:19 utils.go:166: [ExecuteCmd]: OutPut is  m9p7bbjbsnmr0gghy9ed9r8eh
overall progress: 0 out of 1 tasks
1/1:  
overall progress: 0 out of 1 tasks
overall progress: 0 out of 1 tasks
overall progress: 0 out of 1 tasks
overall progress: 0 out of 1 tasks
overall progress: 0 out of 1 tasks
overall progress: 0 out of 1 tasks
overall progress: 0 out of 1 tasks
overall progress: 0 out of 1 tasks
overall progress: 0 out of 1 tasks
overall progress: 0 out of 1 tasks
overall progress: 0 out of 1 tasks
overall progress: 0 out of 1 tasks
overall progress: 0 out of 1 tasks
overall progress: 0 out of 1 tasks
overall progress: 0 out of 1 tasks
overall progress: 0 out of 1 tasks
overall progress: 0 out of 1 tasks
overall progress: 0 out of 1 tasks
overall progress: 0 out of 1 tasks
overall progress: 0 out of 1 tasks
overall progress: 0 out of 1 tasks
overall progress: 0 out of 1 tasks
overall progress: 0 out of 1 tasks
overall progress: 0 out of 1 tasks
overall progress: 0 out of 1 tasks
overall progress: 0 out of 1 tasks
overall progress: 0 out of 1 tasks
overall progress: 1 out of 1 tasks
verify: Waiting 5 seconds to verify that tasks are stable...
verify: Waiting 5 seconds to verify that tasks are stable...
verify: Waiting 5 seconds to verify that tasks are stable...
verify: Waiting 5 seconds to verify that tasks are stable...
verify: Waiting 5 seconds to verify that tasks are stable...
verify: Waiting 4 seconds to verify that tasks are stable...
verify: Waiting 4 seconds to verify that tasks are stable...
verify: Waiting 4 seconds to verify that tasks are stable...
verify: Waiting 4 seconds to verify that tasks are stable...
verify: Waiting 4 seconds to verify that tasks are stable...
verify: Waiting 3 seconds to verify that tasks are stable...
verify: Waiting 3 seconds to verify that tasks are stable...
verify: Waiting 3 seconds to verify that tasks are stable...
verify: Waiting 3 seconds to verify that tasks are stable...
verify: Waiting 3 seconds to verify that tasks are stable...
verify: Waiting 2 seconds to verify that tasks are stable...
verify: Waiting 2 seconds to verify that tasks are stable...
verify: Waiting 2 seconds to verify that tasks are stable...
verify: Waiting 2 seconds to verify that tasks are stable...
verify: Waiting 2 seconds to verify that tasks are stable...
verify: Waiting 1 seconds to verify that tasks are stable...
verify: Waiting 1 seconds to verify that tasks are stable...
verify: Waiting 1 seconds to verify that tasks are stable...
verify: Waiting 1 seconds to verify that tasks are stable...
verify: Waiting 1 seconds to verify that tasks are stable...
verify: Service converged

2022/01/06 21:49:19 manager.go:110: [ResourceManager]: Release Resources, can not delete resources
2022/01/06 21:49:19 utils.go:165: [ExecuteCmd]: ErrorLog is  image falcon-lime:latest could not be accessed on a registry to record
its digest. Each node will access falcon-lime:latest independently,
possibly leading to different nodes running different
versions of the image.


2022/01/06 21:49:19 utils.go:166: [ExecuteCmd]: OutPut is  t0uojhw1j7kmo0gjyzc98uyi9
overall progress: 0 out of 1 tasks
1/1:  
overall progress: 0 out of 1 tasks
overall progress: 0 out of 1 tasks
overall progress: 0 out of 1 tasks
overall progress: 0 out of 1 tasks
overall progress: 0 out of 1 tasks
overall progress: 0 out of 1 tasks
overall progress: 0 out of 1 tasks
overall progress: 0 out of 1 tasks
overall progress: 0 out of 1 tasks
overall progress: 0 out of 1 tasks
overall progress: 0 out of 1 tasks
overall progress: 0 out of 1 tasks
overall progress: 0 out of 1 tasks
overall progress: 0 out of 1 tasks
overall progress: 0 out of 1 tasks
overall progress: 0 out of 1 tasks
overall progress: 0 out of 1 tasks
overall progress: 0 out of 1 tasks
overall progress: 0 out of 1 tasks
overall progress: 0 out of 1 tasks
overall progress: 0 out of 1 tasks
overall progress: 0 out of 1 tasks
overall progress: 0 out of 1 tasks
overall progress: 0 out of 1 tasks
overall progress: 0 out of 1 tasks
overall progress: 0 out of 1 tasks
overall progress: 0 out of 1 tasks
overall progress: 1 out of 1 tasks
verify: Waiting 5 seconds to verify that tasks are stable...
verify: Waiting 5 seconds to verify that tasks are stable...
verify: Waiting 5 seconds to verify that tasks are stable...
verify: Waiting 5 seconds to verify that tasks are stable...
verify: Waiting 5 seconds to verify that tasks are stable...
verify: Waiting 4 seconds to verify that tasks are stable...
verify: Waiting 4 seconds to verify that tasks are stable...
verify: Waiting 4 seconds to verify that tasks are stable...
verify: Waiting 4 seconds to verify that tasks are stable...
verify: Waiting 4 seconds to verify that tasks are stable...
verify: Waiting 3 seconds to verify that tasks are stable...
verify: Waiting 3 seconds to verify that tasks are stable...
verify: Waiting 3 seconds to verify that tasks are stable...
verify: Waiting 3 seconds to verify that tasks are stable...
verify: Waiting 3 seconds to verify that tasks are stable...
verify: Waiting 2 seconds to verify that tasks are stable...
verify: Waiting 2 seconds to verify that tasks are stable...
verify: Waiting 2 seconds to verify that tasks are stable...
verify: Waiting 2 seconds to verify that tasks are stable...
verify: Waiting 2 seconds to verify that tasks are stable...
verify: Waiting 1 seconds to verify that tasks are stable...
verify: Waiting 1 seconds to verify that tasks are stable...
verify: Waiting 1 seconds to verify that tasks are stable...
verify: Waiting 1 seconds to verify that tasks are stable...
verify: Waiting 1 seconds to verify that tasks are stable...
verify: Service converged

2022/01/06 21:49:19 manager.go:110: [ResourceManager]: Release Resources, can not delete resources
2022/01/06 21:49:21 utils.go:165: [ExecuteCmd]: ErrorLog is  image falcon-lime:latest could not be accessed on a registry to record
its digest. Each node will access falcon-lime:latest independently,
possibly leading to different nodes running different
versions of the image.


2022/01/06 21:49:21 utils.go:166: [ExecuteCmd]: OutPut is  vye4avmamsqgro1vfxxxbs22k
overall progress: 0 out of 1 tasks
1/1:  
overall progress: 0 out of 1 tasks
overall progress: 0 out of 1 tasks
overall progress: 0 out of 1 tasks
overall progress: 0 out of 1 tasks
overall progress: 0 out of 1 tasks
overall progress: 0 out of 1 tasks
overall progress: 0 out of 1 tasks
overall progress: 0 out of 1 tasks
overall progress: 0 out of 1 tasks
overall progress: 0 out of 1 tasks
overall progress: 0 out of 1 tasks
overall progress: 0 out of 1 tasks
overall progress: 0 out of 1 tasks
overall progress: 0 out of 1 tasks
overall progress: 0 out of 1 tasks
overall progress: 0 out of 1 tasks
overall progress: 0 out of 1 tasks
overall progress: 0 out of 1 tasks
overall progress: 0 out of 1 tasks
overall progress: 0 out of 1 tasks
overall progress: 0 out of 1 tasks
overall progress: 0 out of 1 tasks
overall progress: 0 out of 1 tasks
overall progress: 0 out of 1 tasks
overall progress: 0 out of 1 tasks
overall progress: 0 out of 1 tasks
overall progress: 0 out of 1 tasks
overall progress: 0 out of 1 tasks
overall progress: 0 out of 1 tasks
overall progress: 0 out of 1 tasks
overall progress: 0 out of 1 tasks
overall progress: 0 out of 1 tasks
overall progress: 0 out of 1 tasks
overall progress: 0 out of 1 tasks
overall progress: 0 out of 1 tasks
overall progress: 0 out of 1 tasks
overall progress: 0 out of 1 tasks
overall progress: 1 out of 1 tasks
verify: Waiting 5 seconds to verify that tasks are stable...
verify: Waiting 5 seconds to verify that tasks are stable...
verify: Waiting 5 seconds to verify that tasks are stable...
verify: Waiting 5 seconds to verify that tasks are stable...
verify: Waiting 5 seconds to verify that tasks are stable...
verify: Waiting 4 seconds to verify that tasks are stable...
verify: Waiting 4 seconds to verify that tasks are stable...
verify: Waiting 4 seconds to verify that tasks are stable...
verify: Waiting 4 seconds to verify that tasks are stable...
verify: Waiting 4 seconds to verify that tasks are stable...
verify: Waiting 3 seconds to verify that tasks are stable...
verify: Waiting 3 seconds to verify that tasks are stable...
verify: Waiting 3 seconds to verify that tasks are stable...
verify: Waiting 3 seconds to verify that tasks are stable...
verify: Waiting 3 seconds to verify that tasks are stable...
verify: Waiting 2 seconds to verify that tasks are stable...
verify: Waiting 2 seconds to verify that tasks are stable...
verify: Waiting 2 seconds to verify that tasks are stable...
verify: Waiting 2 seconds to verify that tasks are stable...
verify: Waiting 2 seconds to verify that tasks are stable...
verify: Waiting 1 seconds to verify that tasks are stable...
verify: Waiting 1 seconds to verify that tasks are stable...
verify: Waiting 1 seconds to verify that tasks are stable...
verify: Waiting 1 seconds to verify that tasks are stable...
verify: Waiting 1 seconds to verify that tasks are stable...
verify: Service converged

2022/01/06 21:49:21 manager.go:110: [ResourceManager]: Release Resources, can not delete resources
