2022/06/03 14:22:22 global-const.go:241: Set env var to default {IS_DEBUG: debug-off}
2022/06/03 14:22:22 global-const.go:241: Set env var to default {TEST_IMG_NAME: redis:5.0.3-alpine3.8}
2022/06/03 14:22:22 global-const.go:241: Set env var to default {FALCON_WORKER_IMAGE: lemonwyc/falcon-lime:paper-parallel}
2022/06/03 14:22:22 global-const.go:244: Read user defined env var {TASK_DATA_PATH: /dataPath}
2022/06/03 14:22:22 global-const.go:244: Read user defined env var {TASK_MODEL_PATH: /modelPath}
2022/06/03 14:22:22 global-const.go:244: Read user defined env var {TASK_DATA_OUTPUT: /dataOutputPath}
2022/06/03 14:22:22 global-const.go:244: Read user defined env var {RUN_TIME_LOGS: /opt/falcon/src/falcon_platform/falcon_logs/Party-2_20220603_205628/runtime_logs/pty2-cent-worker2-job2-tr-pred-task-stage}
2022/06/03 14:22:22 global-const.go:244: Read user defined env var {WORKER_ADDR: 127.0.0.1:22028}
2022/06/03 14:22:22 global-const.go:244: Read user defined env var {MASTER_ADDR: 127.0.0.1:22017}
2022/06/03 14:22:22 global-const.go:244: Read user defined env var {WORKER_ID: 2}
2022/06/03 14:22:22 global-const.go:244: Read user defined env var {GROUP_ID: 0}
2022/06/03 14:22:22 global-const.go:244: Read user defined env var {PARTY_ID: 2}
2022/06/03 14:22:22 global-const.go:244: Read user defined env var {DISTRIBUTED_ROLE: 2}
2022/06/03 14:22:22 global-const.go:244: Read user defined env var {MPC_EXE_PATH: /opt/falcon/third_party/MP-SPDZ/semi-party.x}
2022/06/03 14:22:22 global-const.go:244: Read user defined env var {FL_ENGINE_PATH: /opt/falcon/build/src/executor/falcon}
2022/06/03 14:22:22 falcon_platform.go:281: common.MpcExecutorPortFileBasePath is /opt/falcon/third_party/MP-SPDZ/Programs/Public-Input/
2022/06/03 14:22:22 global-const.go:241: Set env var to default {EXECUTOR_NAME: }
2022/06/03 14:22:22 falcon_platform.go:380: Launching falcon_platform, the common.WorkerType 
2022/06/03 14:22:22 rpcbase.go:28: [rpcbase] InitRpcBase called with Addr 127.0.0.1:22028
2022/06/03 14:22:22 workerbase.go:172: [WorkerBase]: reset called
2022/06/03 14:22:22 trainworker.go:45: [TrainWorker] Worker initialized, WorkerName=TrainWorker, WorkerID=2, PartyID=2, DistributedRole=cent-worker 
2022/06/03 14:22:22 workerbase.go:60: [WorkerBase]: RunWorker called
2022/06/03 14:22:22 trainworker.go:72: [TrainWorker] from PartyID 2 to register to masterAddr(127.0.0.1:22017)
2022/06/03 14:22:22 workerbase.go:98: [WorkerBase]: call Master.RegisterWorker to register WorkerAddr: 127.0.0.1:22028 
2022/06/03 14:22:22 rpc_utils.go:49: ----Rpc Call----, addr: 127.0.0.1:22017, methodName: Master.RegisterWorker 
2022/06/03 14:22:22 rpcbase.go:42: [TrainWorker]: listening on tcp, 0.0.0.0:22028 
2022/06/03 14:22:23 trainworker.go:187: [TrainWorker] TrainWorker.RunMpc called, mpcAlgorithmName: logistic_regression
2022/06/03 14:22:23 manager.go:105: [ResourceManager]: DeleteResources done
2022/06/03 14:22:23 traintask.go:16: [TrainWorker]: spawn thread for mpc
2022/06/03 14:22:23 traintask.go:1150: [TrainWorker]: begin task mpc
2022/06/03 14:22:23 traintask.go:1156: [TrainWorker]: Third Party base path for executing semi-party.x is : "/opt/falcon/third_party/MP-SPDZ"
2022/06/03 14:22:23 traintask.go:1163: [TrainWorker]: Config mpc-network file, write [127.0.0.1:22022
127.0.0.1:22027
127.0.0.1:22032] to file [/opt/falcon/third_party/MP-SPDZ/mpc-network-2] 
2022/06/03 14:22:23 traintask.go:1180: [TrainWorker]: Config mpcExecutorPortFile file, write [49200] to file [/opt/falcon/third_party/MP-SPDZ/Programs/Public-Input/logistic_regression] 
2022/06/03 14:22:23 traintask.go:1195: [TrainWorker]: Config mpcExecutorPairNetworkCfgPath file, write port [49200] to file [/opt/falcon/third_party/MP-SPDZ/Programs/Public-Input/logistic_regression] 
2022/06/03 14:22:23 traintask.go:1225: ---------------------------------------------------------------------------------
2022/06/03 14:22:23 traintask.go:1226: [TrainWorker]: cmd is "/opt/falcon/third_party/MP-SPDZ/semi-party.x -F -N 3 -p 2 -I -ip /opt/falcon/third_party/MP-SPDZ/mpc-network-2 logistic_regression"
2022/06/03 14:22:23 traintask.go:1227: ---------------------------------------------------------------------------------
2022/06/03 14:22:23 mngr-process.go:123: [subProcessMngr]: open subProcess, PID= 822
2022/06/03 14:22:24 workerbase.go:172: [WorkerBase]: reset called
2022/06/03 14:22:28 trainworker.go:189: [TrainWorker]: WorkerAddr 127.0.0.1:22028, TrainWorker.RunMpc for task logistic_regression done
2022/06/03 14:22:28 trainworker.go:96: [TrainWorker] TrainWorker.DoTask called, taskName: lime_pred_task
2022/06/03 14:22:28 trainworker.go:249: [TrainWorker]: ----------- WorkerAddr , printParams ----------- lime_compute_prediction
2022/06/03 14:22:28 trainworker.go:344: [TrainWorker]: original params = {state:{NoUnkeyedLiterals:{} DoNotCompare:[] DoNotCopy:[] atomicMessageInfo:0xc0000acb48} sizeCache:0 unknownFields:[] OriginalModelName:logistic_regression OriginalModelSavedFile:/log_reg/saved_model.pb GeneratedSampleFile:/log_reg/sampled_data.txt ModelType:classification ClassNum:2 ComputedPredictionFile:/log_reg/predictions.txt}
2022/06/03 14:22:28 trainworker.go:348: structure params ={
	"original_model_name": "logistic_regression",
	"original_model_saved_file": "/log_reg/saved_model.pb",
	"generated_sample_file": "/log_reg/sampled_data.txt",
	"model_type": "classification",
	"class_num": 2,
	"computed_prediction_file": "/log_reg/predictions.txt"
}
2022/06/03 14:22:28 trainworker.go:399: [TrainWorker]: ----------- WorkerAddr , printParams Done-----------
2022/06/03 14:22:28 traintask.go:325: [TrainWorker]: begin task lime prediction
2022/06/03 14:22:28 traintask.go:437: [PartyServer]: training method: centralized
2022/06/03 14:22:28 traintask.go:470: ---------------------------------------------------------------------------------
2022/06/03 14:22:28 traintask.go:471: [TrainWorker]: cmd is "/opt/falcon/build/src/executor/falcon --party-id 2 --party-num 3 --party-type 1 --fl-setting 1 --network-file CgkxMjcuMC4wLjEKCTEyNy4wLjAuMQoJMTI3LjAuMC4xEgsKCYOsAYSsAYWsARILCgmIrAGJrAGKrAESCwoJjawBjqwBj6wBGgsKCbCAA7CAA7CAAw== --log-file /opt/falcon/src/falcon_platform/falcon_logs/Party-2_20220603_205628/runtime_logs/pty2-cent-worker2-job2-tr-pred-task-stage-lime_compute_prediction/worker --data-input-file /dataPath/client.txt --data-output-file /dataOutputPath --existing-key 1 --key-file /dataPath/phe_keys --algorithm-name lime_compute_prediction --algorithm-params ChNsb2dpc3RpY19yZWdyZXNzaW9uEhcvbG9nX3JlZy9zYXZlZF9tb2RlbC5wYhoZL2xvZ19yZWcvc2FtcGxlZF9kYXRhLnR4dCIOY2xhc3NpZmljYXRpb24oAjIYL2xvZ19yZWcvcHJlZGljdGlvbnMudHh0 --model-save-file /modelPath/saved_model.pb --model-report-file /modelPath/report.txt --is-inference 0 --inference-endpoint 0 --is-distributed 0 --distributed-train-network-file 0 --worker-id 0 --distributed-role 2"
2022/06/03 14:22:28 traintask.go:472: ---------------------------------------------------------------------------------
2022/06/03 14:22:28 traintask.go:475: [TrainWorker]: task lime prediction start
2022/06/03 14:22:28 mngr-process.go:123: [subProcessMngr]: open subProcess, PID= 826
2022/06/03 14:22:28 workerbase.go:110: [WorkerBase]: Shutdown called, TrainWorker: Shutdown 127.0.0.1:22028
2022/06/03 14:22:28 manager.go:100: [ResourceManager]: Wait worker kill all process/containers
2022/06/03 14:22:28 manager.go:105: [ResourceManager]: DeleteResources done
2022/06/03 14:22:28 manager.go:100: [ResourceManager]: Wait worker kill all process/containers
2022/06/03 14:22:28 manager.go:105: [ResourceManager]: DeleteResources done
2022/06/03 14:22:28 rpcbase.go:90: [TrainWorker]: Listener.Accept Error: accept tcp [::]:22028: use of closed network connection 
