2022/01/05 06:03:27 global-const.go:220: Set env var to default {IS_DEBUG: debug-off}
2022/01/05 06:03:27 global-const.go:220: Set env var to default {TEST_IMG_NAME: redis:5.0.3-alpine3.8}
2022/01/05 06:03:27 global-const.go:220: Set env var to default {FALCON_WORKER_IMAGE: falcon-lime:latest}
2022/01/05 06:03:27 global-const.go:223: Read user defined env var {TASK_DATA_PATH: /dataPath}
2022/01/05 06:03:27 global-const.go:223: Read user defined env var {TASK_MODEL_PATH: /modelPath}
2022/01/05 06:03:27 global-const.go:223: Read user defined env var {TASK_DATA_OUTPUT: /dataOutputPath}
2022/01/05 06:03:27 global-const.go:223: Read user defined env var {RUN_TIME_LOGS: /opt/falcon/src/falcon_platform/falcon_logs/Party-0_20220105_135820/runtime_logs/party0-distributed-worker2-job1-train}
2022/01/05 06:03:27 global-const.go:223: Read user defined env var {WORKER_ADDR: 127.0.0.1:22015}
2022/01/05 06:03:27 global-const.go:223: Read user defined env var {MASTER_ADDR: 127.0.0.1:22001}
2022/01/05 06:03:27 global-const.go:223: Read user defined env var {WORKER_ID: 2}
2022/01/05 06:03:27 global-const.go:223: Read user defined env var {GROUP_ID: 0}
2022/01/05 06:03:27 global-const.go:223: Read user defined env var {PARTY_ID: 0}
2022/01/05 06:03:27 global-const.go:223: Read user defined env var {DISTRIBUTED_ROLE: 1}
2022/01/05 06:03:27 global-const.go:223: Read user defined env var {MPC_EXE_PATH: /opt/falcon/third_party/MP-SPDZ/semi-party.x}
2022/01/05 06:03:27 global-const.go:223: Read user defined env var {FL_ENGINE_PATH: /opt/falcon/build/src/executor/falcon}
2022/01/05 06:03:27 falcon_platform.go:270: common.MpcExecutorPortFileBasePath is /opt/falcon/third_party/MP-SPDZ/Programs/Public-Input/
2022/01/05 06:03:27 global-const.go:220: Set env var to default {EXECUTOR_NAME: }
2022/01/05 06:03:27 falcon_platform.go:369: Launching falcon_platform, the common.WorkerType 
2022/01/05 06:03:27 rpcbase.go:28: [rpcbase] InitRpcBase called with Addr 127.0.0.1:22015
2022/01/05 06:03:27 workerbase.go:172: [WorkerBase]: reset called
2022/01/05 06:03:27 trainworker.go:47: [TrainWorker] Worker initialized, WorkerName=TrainWorker, WorkerID=2, PartyID=0, DistributedRole=distributed-worker 
2022/01/05 06:03:27 workerbase.go:60: [WorkerBase]: RunWorker called
2022/01/05 06:03:27 trainworker.go:74: [TrainWorker] from PartyID 0 to register to masterAddr(127.0.0.1:22001)
2022/01/05 06:03:27 workerbase.go:98: [WorkerBase]: call Master.RegisterWorker to register WorkerAddr: 127.0.0.1:22015 
2022/01/05 06:03:27 rpc_utils.go:49: ----Rpc Call----, addr: 127.0.0.1:22001, methodName: Master.RegisterWorker 
2022/01/05 06:03:27 rpcbase.go:42: [TrainWorker]: listening on tcp, 0.0.0.0:22015 
2022/01/05 06:03:30 trainworker.go:177: [TrainWorker] TrainWorker.RunMpc called, mpcAlgorithmName: vfl_decision_tree
2022/01/05 06:03:30 manager.go:105: [ResourceManager]: DeleteResources done
2022/01/05 06:03:30 traintask.go:16: [TrainWorker]: spawn thread for mpc
2022/01/05 06:03:30 traintask.go:1056: [TrainWorker]: begin task mpc
2022/01/05 06:03:30 traintask.go:1062: [TrainWorker]: Third Party base path for executing semi-party.x is : "/opt/falcon/third_party/MP-SPDZ"
2022/01/05 06:03:30 traintask.go:1069: [TrainWorker]: Config mpc-network file, write [127.0.0.1:22019
127.0.0.1:22038
127.0.0.1:22057] to file [/opt/falcon/third_party/MP-SPDZ/mpc-network-0] 
2022/01/05 06:03:30 traintask.go:1087: [TrainWorker]: Config mpcExecutorPortFile file, write [56000] to file [/opt/falcon/third_party/MP-SPDZ/Programs/Public-Input/vfl_decision_tree] 
2022/01/05 06:03:30 traintask.go:1102: [TrainWorker]: Config mpcExecutorPairNetworkCfgPath file, write port [56000] to file [/opt/falcon/third_party/MP-SPDZ/Programs/Public-Input/vfl_decision_tree] 
2022/01/05 06:03:30 traintask.go:1132: ---------------------------------------------------------------------------------
2022/01/05 06:03:30 traintask.go:1133: [TrainWorker]: cmd is "/opt/falcon/third_party/MP-SPDZ/semi-party.x -F -N 3 -p 0 -I -ip /opt/falcon/third_party/MP-SPDZ/mpc-network-0 vfl_decision_tree"
2022/01/05 06:03:30 traintask.go:1134: ---------------------------------------------------------------------------------
2022/01/05 06:03:30 mngr-process.go:123: [subProcessMngr]: open subProcess, PID= 931
2022/01/05 06:03:35 trainworker.go:179: [TrainWorker]: WorkerAddr 127.0.0.1:22015, TrainWorker.RunMpc for task vfl_decision_tree done
2022/01/05 06:03:35 trainworker.go:90: [TrainWorker] TrainWorker.DoTask called, taskName: model_training
2022/01/05 06:03:35 trainworker.go:239: [TrainWorker]: ----------- WorkerAddr , printParams ----------- decision_tree
2022/01/05 06:03:35 trainworker.go:262: [TrainWorker]: original params = {state:{NoUnkeyedLiterals:{} DoNotCompare:[] DoNotCopy:[] atomicMessageInfo:0xc00019da90} sizeCache:0 unknownFields:[] TreeType:classification Criterion:gini SplitStrategy:best ClassNum:2 MaxDepth:3 MaxBins:8 MinSamplesSplit:5 MinSamplesLeaf:5 MaxLeafNodes:16 MinImpurityDecrease:0.1 MinImpuritySplit:0.001 DpBudget:0.1}
2022/01/05 06:03:35 trainworker.go:266: structed params ={
	"tree_type": "classification",
	"criterion": "gini",
	"split_strategy": "best",
	"class_num": 2,
	"max_depth": 3,
	"max_bins": 8,
	"min_samples_split": 5,
	"min_samples_leaf": 5,
	"max_leaf_nodes": 16,
	"min_impurity_decrease": 0.1,
	"min_impurity_split": 0.001,
	"dp_budget": 0.1
}
2022/01/05 06:03:35 trainworker.go:359: [TrainWorker]: ----------- WorkerAddr , printParams Done-----------
2022/01/05 06:03:35 traintask.go:142: [TrainWorker]: begin task model training
2022/01/05 06:03:35 traintask.go:211: [PartyServer]: training method: distributed,  current distributed role:  1
2022/01/05 06:03:35 traintask.go:281: ---------------------------------------------------------------------------------
2022/01/05 06:03:35 traintask.go:282: [TrainWorker]: cmd is "/opt/falcon/build/src/executor/falcon --party-id 0 --party-num 3 --party-type 0 --fl-setting 1 --network-file CgkxMjcuMC4wLjEKCTEyNy4wLjAuMQoJMTI3LjAuMC4xEgsKCYCsAYGsAYKsARILCgmTrAGUrAGVrAESCwoJpqwBp6wBqKwBGgsKCcC1A8C1A8C1Aw== --log-file /opt/falcon/src/falcon_platform/falcon_logs/Party-0_20220105_135820/runtime_logs/party0-distributed-worker2-job1-train-decision_tree/distributed-worker-2 --data-input-file /dataOutputPath/client.txt --data-output-file 0 --existing-key 1 --key-file /dataPath/phe_keys --algorithm-name decision_tree --algorithm-params Cg5jbGFzc2lmaWNhdGlvbhIEZ2luaRoEYmVzdCACKAMwCDgFQAVIEFGamZmZmZm5P1n8qfHSTWJQP2GamZmZmZm5Pw== --model-save-file /modelPath/saved_model.pb --model-report-file /modelPath/report.txt --is-inference 0 --inference-endpoint 0 --is-distributed 1 --distributed-train-network-file Cg8KCTEyNy4wLjAuMRD+qwEKDwoJMTI3LjAuMC4xEISsARIPCgkxMjcuMC4wLjEQ9KsBEg8KCTEyNy4wLjAuMRD1qwE= --worker-id 2 --distributed-role 1"
2022/01/05 06:03:35 traintask.go:283: ---------------------------------------------------------------------------------
2022/01/05 06:03:35 traintask.go:286: [TrainWorker]: task model training start
2022/01/05 06:03:35 mngr-process.go:123: [subProcessMngr]: open subProcess, PID= 936
2022/01/05 06:03:36 workerbase.go:172: [WorkerBase]: reset called
2022/01/05 06:03:46 workerbase.go:172: [WorkerBase]: reset called
2022/01/05 06:03:56 workerbase.go:172: [WorkerBase]: reset called
2022/01/05 06:04:06 workerbase.go:172: [WorkerBase]: reset called
2022/01/05 06:04:16 workerbase.go:172: [WorkerBase]: reset called
2022/01/05 06:04:26 workerbase.go:172: [WorkerBase]: reset called
2022/01/05 06:04:36 workerbase.go:172: [WorkerBase]: reset called
2022/01/05 06:04:46 workerbase.go:172: [WorkerBase]: reset called
2022/01/05 06:04:52 workerbase.go:110: [WorkerBase]: Shutdown called, TrainWorker: Shutdown 127.0.0.1:22015
2022/01/05 06:04:52 manager.go:100: [ResourceManager]: Wait worker kill all process/containers
2022/01/05 06:04:52 manager.go:105: [ResourceManager]: DeleteResources done
2022/01/05 06:04:52 manager.go:100: [ResourceManager]: Wait worker kill all process/containers
2022/01/05 06:04:52 manager.go:105: [ResourceManager]: DeleteResources done
2022/01/05 06:04:52 rpcbase.go:90: [TrainWorker]: Listener.Accept Error: accept tcp [::]:22015: use of closed network connection 
2022/01/05 06:04:52 mngr-process.go:144: [subProcessMngr]: subprocess exit status: << exit status 1 >> 
2022/01/05 06:04:52 manager.go:86: [ResourceManager]: CreateResources error msg is: 
============> 

=================================================================
==936==ERROR: LeakSanitizer: detected memory leaks

Direct leak of 254856 byte(s) in 7 object(s) allocated from:
    #0 0x7fcdca588608 in operator new[](unsigned long) (/usr/lib/x86_64-linux-gnu/libasan.so.4+0xe0608)
    #1 0x55ba14c28abb in DecisionTreeBuilder::distributed_train(Party const&, Worker const&) /opt/falcon/src/executor/algorithm/vertical/tree/tree_builder.cc:1878
    #2 0x55ba14c4422b in train_decision_tree(Party*, std::__cxx11::basic_string<char, std::char_traits<char>, std::allocator<char> > const&, std::__cxx11::basic_string<char, std::char_traits<char>, std::allocator<char> > const&, std::__cxx11::basic_string<char, std::char_traits<char>, std::allocator<char> > const&, int, Worker*) /opt/falcon/src/executor/algorithm/vertical/tree/tree_builder.cc:2741
    #3 0x55ba14ad925d in main /opt/falcon/src/executor/main.cc:348
    #4 0x7fcdc759cbf6 in __libc_start_main (/lib/x86_64-linux-gnu/libc.so.6+0x21bf6)

Direct leak of 218448 byte(s) in 6 object(s) allocated from:
    #0 0x7fcdca588608 in operator new[](unsigned long) (/usr/lib/x86_64-linux-gnu/libasan.so.4+0xe0608)
    #1 0x55ba14c289c4 in DecisionTreeBuilder::distributed_train(Party const&, Worker const&) /opt/falcon/src/executor/algorithm/vertical/tree/tree_builder.cc:1877
    #2 0x55ba14c4422b in train_decision_tree(Party*, std::__cxx11::basic_string<char, std::char_traits<char>, std::allocator<char> > const&, std::__cxx11::basic_string<char, std::char_traits<char>, std::allocator<char> > const&, std::__cxx11::basic_string<char, std::char_traits<char>, std::allocator<char> > const&, int, Worker*) /opt/falcon/src/executor/algorithm/vertical/tree/tree_builder.cc:2741
    #3 0x55ba14ad925d in main /opt/falcon/src/executor/main.cc:348
    #4 0x7fcdc759cbf6 in __libc_start_main (/lib/x86_64-linux-gnu/libc.so.6+0x21bf6)

Direct leak of 127456 byte(s) in 7 object(s) allocated from:
    #0 0x7fcdca588608 in operator new[](unsigned long) (/usr/lib/x86_64-linux-gnu/libasan.so.4+0xe0608)
    #1 0x55ba14c288a9 in DecisionTreeBuilder::distributed_train(Party const&, Worker const&) /opt/falcon/src/executor/algorithm/vertical/tree/tree_builder.cc:1876
    #2 0x55ba14c4422b in train_decision_tree(Party*, std::__cxx11::basic_string<char, std::char_traits<char>, std::allocator<char> > const&, std::__cxx11::basic_string<char, std::char_traits<char>, std::allocator<char> > const&, std::__cxx11::basic_string<char, std::char_traits<char>, std::allocator<char> > const&, int, Worker*) /opt/falcon/src/executor/algorithm/vertical/tree/tree_builder.cc:2741
    #3 0x55ba14ad925d in main /opt/falcon/src/executor/main.cc:348
    #4 0x7fcdc759cbf6 in __libc_start_main (/lib/x86_64-linux-gnu/libc.so.6+0x21bf6)

Direct leak of 109248 byte(s) in 6 object(s) allocated from:
    #0 0x7fcdca588608 in operator new[](unsigned long) (/usr/lib/x86_64-linux-gnu/libasan.so.4+0xe0608)
    #1 0x55ba14c287c0 in DecisionTreeBuilder::distributed_train(Party const&, Worker const&) /opt/falcon/src/executor/algorithm/vertical/tree/tree_builder.cc:1875
    #2 0x55ba14c4422b in train_decision_tree(Party*, std::__cxx11::basic_string<char, std::char_traits<char>, std::allocator<char> > const&, std::__cxx11::basic_string<char, std::char_traits<char>, std::allocator<char> > const&, std::__cxx11::basic_string<char, std::char_traits<char>, std::allocator<char> > const&, int, Worker*) /opt/falcon/src/executor/algorithm/vertical/tree/tree_builder.cc:2741
    #3 0x55ba14ad925d in main /opt/falcon/src/executor/main.cc:348
    #4 0x7fcdc759cbf6 in __libc_start_main (/lib/x86_64-linux-gnu/libc.so.6+0x21bf6)

Direct leak of 2288 byte(s) in 1 object(s) allocated from:
    #0 0x7fcdca588608 in operator new[](unsigned long) (/usr/lib/x86_64-linux-gnu/libasan.so.4+0xe0608)
    #1 0x55ba14bf506d in TreeModel::operator=(TreeModel const&) /opt/falcon/src/executor/algorithm/vertical/tree/tree_model.cc:52
    #2 0x55ba14c0700a in DecisionTreeBuilder::DecisionTreeBuilder(DecisionTreeParams, std::vector<std::vector<double, std::allocator<double> >, std::allocator<std::vector<double, std::allocator<double> > > >, std::vector<std::vector<double, std::allocator<double> >, std::allocator<std::vector<double, std::allocator<double> > > >, std::vector<double, std::allocator<double> >, std::vector<double, std::allocator<double> >, double, double) /opt/falcon/src/executor/algorithm/vertical/tree/tree_builder.cc:113
    #3 0x55ba14c4411f in train_decision_tree(Party*, std::__cxx11::basic_string<char, std::char_traits<char>, std::allocator<char> > const&, std::__cxx11::basic_string<char, std::char_traits<char>, std::allocator<char> > const&, std::__cxx11::basic_string<char, std::char_traits<char>, std::allocator<char> > const&, int, Worker*) /opt/falcon/src/executor/algorithm/vertical/tree/tree_builder.cc:2739
    #4 0x55ba14ad925d in main /opt/falcon/src/executor/main.cc:348
    #5 0x7fcdc759cbf6 in __libc_start_main (/lib/x86_64-linux-gnu/libc.so.6+0x21bf6)

Indirect leak of 3289496 byte(s) in 21075 object(s) allocated from:
    #0 0x7fcdca586f30 in realloc (/usr/lib/x86_64-linux-gnu/libasan.so.4+0xdef30)
    #1 0x7fcdc94076e3 in __gmp_default_reallocate (/usr/lib/x86_64-linux-gnu/libgmp.so.10+0x96e3)

Indirect leak of 42512 byte(s) in 5314 object(s) allocated from:
    #0 0x7fcdca586b40 in __interceptor_malloc (/usr/lib/x86_64-linux-gnu/libasan.so.4+0xdeb40)
    #1 0x7fcdc9407698 in __gmp_default_allocate (/usr/lib/x86_64-linux-gnu/libgmp.so.10+0x9698)
    #2 0x55ba14c28b14 in DecisionTreeBuilder::distributed_train(Party const&, Worker const&) /opt/falcon/src/executor/algorithm/vertical/tree/tree_builder.cc:1878
    #3 0x55ba14c4422b in train_decision_tree(Party*, std::__cxx11::basic_string<char, std::char_traits<char>, std::allocator<char> > const&, std::__cxx11::basic_string<char, std::char_traits<char>, std::allocator<char> > const&, std::__cxx11::basic_string<char, std::char_traits<char>, std::allocator<char> > const&, int, Worker*) /opt/falcon/src/executor/algorithm/vertical/tree/tree_builder.cc:2741
    #4 0x55ba14ad925d in main /opt/falcon/src/executor/main.cc:348
    #5 0x7fcdc759cbf6 in __libc_start_main (/lib/x86_64-linux-gnu/libc.so.6+0x21bf6)

Indirect leak of 34368 byte(s) in 4296 object(s) allocated from:
    #0 0x7fcdca586b40 in __interceptor_malloc (/usr/lib/x86_64-linux-gnu/libasan.so.4+0xdeb40)
    #1 0x7fcdc9407698 in __gmp_default_allocate (/usr/lib/x86_64-linux-gnu/libgmp.so.10+0x9698)
    #2 0x55ba14c28a1d in DecisionTreeBuilder::distributed_train(Party const&, Worker const&) /opt/falcon/src/executor/algorithm/vertical/tree/tree_builder.cc:1877
    #3 0x55ba14c4422b in train_decision_tree(Party*, std::__cxx11::basic_string<char, std::char_traits<char>, std::allocator<char> > const&, std::__cxx11::basic_string<char, std::char_traits<char>, std::allocator<char> > const&, std::__cxx11::basic_string<char, std::char_traits<char>, std::allocator<char> > const&, int, Worker*) /opt/falcon/src/executor/algorithm/vertical/tree/tree_builder.cc:2741
    #4 0x55ba14ad925d in main /opt/falcon/src/executor/main.cc:348
    #5 0x7fcdc759cbf6 in __libc_start_main (/lib/x86_64-linux-gnu/libc.so.6+0x21bf6)

Indirect leak of 21256 byte(s) in 2657 object(s) allocated from:
    #0 0x7fcdca586b40 in __interceptor_malloc (/usr/lib/x86_64-linux-gnu/libasan.so.4+0xdeb40)
    #1 0x7fcdc9407698 in __gmp_default_allocate (/usr/lib/x86_64-linux-gnu/libgmp.so.10+0x9698)
    #2 0x55ba14c28902 in DecisionTreeBuilder::distributed_train(Party const&, Worker const&) /opt/falcon/src/executor/algorithm/vertical/tree/tree_builder.cc:1876
    #3 0x55ba14c4422b in train_decision_tree(Party*, std::__cxx11::basic_string<char, std::char_traits<char>, std::allocator<char> > const&, std::__cxx11::basic_string<char, std::char_traits<char>, std::allocator<char> > const&, std::__cxx11::basic_string<char, std::char_traits<char>, std::allocator<char> > const&, int, Worker*) /opt/falcon/src/executor/algorithm/vertical/tree/tree_builder.cc:2741
    #4 0x55ba14ad925d in main /opt/falcon/src/executor/main.cc:348
    #5 0x7fcdc759cbf6 in __libc_start_main (/lib/x86_64-linux-gnu/libc.so.6+0x21bf6)

Indirect leak of 17184 byte(s) in 2148 object(s) allocated from:
    #0 0x7fcdca586b40 in __interceptor_malloc (/usr/lib/x86_64-linux-gnu/libasan.so.4+0xdeb40)
    #1 0x7fcdc9407698 in __gmp_default_allocate (/usr/lib/x86_64-linux-gnu/libgmp.so.10+0x9698)
    #2 0x55ba14c28819 in DecisionTreeBuilder::distributed_train(Party const&, Worker const&) /opt/falcon/src/executor/algorithm/vertical/tree/tree_builder.cc:1875
    #3 0x55ba14c4422b in train_decision_tree(Party*, std::__cxx11::basic_string<char, std::char_traits<char>, std::allocator<char> > const&, std::__cxx11::basic_string<char, std::char_traits<char>, std::allocator<char> > const&, std::__cxx11::basic_string<char, std::char_traits<char>, std::allocator<char> > const&, int, Worker*) /opt/falcon/src/executor/algorithm/vertical/tree/tree_builder.cc:2741
    #4 0x55ba14ad925d in main /opt/falcon/src/executor/main.cc:348
    #5 0x7fcdc759cbf6 in __libc_start_main (/lib/x86_64-linux-gnu/libc.so.6+0x21bf6)

Indirect leak of 240 byte(s) in 30 object(s) allocated from:
    #0 0x7fcdca586b40 in __interceptor_malloc (/usr/lib/x86_64-linux-gnu/libasan.so.4+0xdeb40)
    #1 0x7fcdc9407698 in __gmp_default_allocate (/usr/lib/x86_64-linux-gnu/libgmp.so.10+0x9698)
    #2 0x55ba14d9b522 in Node::Node() /opt/falcon/src/executor/algorithm/vertical/tree/node.cc:10
    #3 0x55ba14bf50b0 in TreeModel::operator=(TreeModel const&) /opt/falcon/src/executor/algorithm/vertical/tree/tree_model.cc:52
    #4 0x55ba14c0700a in DecisionTreeBuilder::DecisionTreeBuilder(DecisionTreeParams, std::vector<std::vector<double, std::allocator<double> >, std::allocator<std::vector<double, std::allocator<double> > > >, std::vector<std::vector<double, std::allocator<double> >, std::allocator<std::vector<double, std::allocator<double> > > >, std::vector<double, std::allocator<double> >, std::vector<double, std::allocator<double> >, double, double) /opt/falcon/src/executor/algorithm/vertical/tree/tree_builder.cc:113
    #5 0x55ba14c4411f in train_decision_tree(Party*, std::__cxx11::basic_string<char, std::char_traits<char>, std::allocator<char> > const&, std::__cxx11::basic_string<char, std::char_traits<char>, std::allocator<char> > const&, std::__cxx11::basic_string<char, std::char_traits<char>, std::allocator<char> > const&, int, Worker*) /opt/falcon/src/executor/algorithm/vertical/tree/tree_builder.cc:2739
    #6 0x55ba14ad925d in main /opt/falcon/src/executor/main.cc:348
    #7 0x7fcdc759cbf6 in __libc_start_main (/lib/x86_64-linux-gnu/libc.so.6+0x21bf6)

Indirect leak of 240 byte(s) in 30 object(s) allocated from:
    #0 0x7fcdca586b40 in __interceptor_malloc (/usr/lib/x86_64-linux-gnu/libasan.so.4+0xdeb40)
    #1 0x7fcdc9407698 in __gmp_default_allocate (/usr/lib/x86_64-linux-gnu/libgmp.so.10+0x9698)
    #2 0x55ba14d9b512 in Node::Node() /opt/falcon/src/executor/algorithm/vertical/tree/node.cc:10
    #3 0x55ba14bf50b0 in TreeModel::operator=(TreeModel const&) /opt/falcon/src/executor/algorithm/vertical/tree/tree_model.cc:52
    #4 0x55ba14c0700a in DecisionTreeBuilder::DecisionTreeBuilder(DecisionTreeParams, std::vector<std::vector<double, std::allocator<double> >, std::allocator<std::vector<double, std::allocator<double> > > >, std::vector<std::vector<double, std::allocator<double> >, std::allocator<std::vector<double, std::allocator<double> > > >, std::vector<double, std::allocator<double> >, std::vector<double, std::allocator<double> >, double, double) /opt/falcon/src/executor/algorithm/vertical/tree/tree_builder.cc:113
    #5 0x55ba14c4411f in train_decision_tree(Party*, std::__cxx11::basic_string<char, std::char_traits<char>, std::allocator<char> > const&, std::__cxx11::basic_string<char, std::char_traits<char>, std::allocator<char> > const&, std::__cxx11::basic_string<char, std::char_traits<char>, std::allocator<char> > const&, int, Worker*) /opt/falcon/src/executor/algorithm/vertical/tree/tree_builder.cc:2739
    #6 0x55ba14ad925d in main /opt/falcon/src/executor/main.cc:348
    #7 0x7fcdc759cbf6 in __libc_start_main (/lib/x86_64-linux-gnu/libc.so.6+0x21bf6)

SUMMARY: AddressSanitizer: 4117592 byte(s) leaked in 35577 allocation(s).
 
<============
2022/01/05 06:04:52 manager.go:105: [ResourceManager]: DeleteResources done
2022/01/05 06:04:52 trainworker.go:92: [TrainWorker]: WorkerAddr 127.0.0.1:22015, TrainWorker.DoTask for task model_training done
2022/01/05 06:04:52 mngr-process.go:168: [subProcessMngr]: Manually Killed PID=cmd.Process.Pid 931
2022/01/05 06:04:52 mngr-process.go:40: [subProcessMngr]: Clear resources, PID 936 is not running, skip!
2022/01/05 06:04:56 workerbase.go:139: [TrainWorker]: server 127.0.0.1:22015 quit HeartBeat eventLoop 
2022/01/05 06:04:56 mngr-process.go:144: [subProcessMngr]: subprocess exit status: << signal: quit (core dumped) >> 
2022/01/05 06:04:56 manager.go:86: [ResourceManager]: CreateResources error msg is: 
============> 
Start listening on thread 139871607105280
Party 0 is listening on port 56000 for external client connections.
Thread 139871607105280 found server.
Party 0 received external client connection from client id: 2
Thread 139871607105280 found server.
Party 0 received external client connection from client id: 1
Thread 139871607105280 found server.
Party 0 received external client connection from client id: 0
REWINDING - ONLY FOR BENCHMARKING
Thread 139871607105280 found server.
Party 0 received external client connection from client id: 2
Thread 139871607105280 found server.
Party 0 received external client connection from client id: 1
Thread 139871607105280 found server.
Party 0 received external client connection from client id: 0
Thread 139871607105280 found server.
Party 0 received external client connection from client id: 1
Thread 139871607105280 found server.
Party 0 received external client connection from client id: 2
Thread 139871607105280 found server.
Party 0 received external client connection from client id: 0
Thread 139871607105280 found server.
Party 0 received external client connection from client id: 1
Thread 139871607105280 found server.
Party 0 received external client connection from client id: 2
Thread 139871607105280 found server.
Party 0 received external client connection from client id: 0
Thread 139871607105280 found server.
Party 0 received external client connection from client id: 1
Thread 139871607105280 found server.
Party 0 received external client connection from client id: 2
Thread 139871607105280 found server.
Party 0 received external client connection from client id: 0
Thread 139871607105280 found server.
Party 0 received external client connection from client id: 1
Thread 139871607105280 found server.
Party 0 received external client connection from client id: 2
Thread 139871607105280 found server.
Party 0 received external client connection from client id: 0
Thread 139871607105280 found server.
Party 0 received external client connection from client id: 2
Thread 139871607105280 found server.
Party 0 received external client connection from client id: 1
Thread 139871607105280 found server.
Party 0 received external client connection from client id: 0
Thread 139871607105280 found server.
 
<============
