2022/06/03 20:09:20 global-const.go:244: Read user defined env var {IS_DEBUG: debug-off}
2022/06/03 20:09:20 global-const.go:241: Set env var to default {TEST_IMG_NAME: redis:5.0.3-alpine3.8}
2022/06/03 20:09:20 global-const.go:241: Set env var to default {FALCON_WORKER_IMAGE: falcon-dist-train:latest}
2022/06/03 20:09:20 global-const.go:244: Read user defined env var {COORD_SERVER_IP: 127.0.0.1}
2022/06/03 20:09:20 global-const.go:244: Read user defined env var {COORD_SERVER_PORT: 30004}
2022/06/03 20:09:20 global-const.go:244: Read user defined env var {PARTY_SERVER_IP: 127.0.0.1}
2022/06/03 20:09:20 global-const.go:244: Read user defined env var {PARTY_SERVER_NODE_PORT: 30007}
2022/06/03 20:09:20 global-const.go:244: Read user defined env var {PARTY_ID: 2}
2022/06/03 20:09:20 global-const.go:244: Read user defined env var {MPC_EXE_PATH: /opt/falcon/third_party/MP-SPDZ/semi-party.x}
2022/06/03 20:09:20 global-const.go:244: Read user defined env var {FL_ENGINE_PATH: /opt/falcon/build/src/executor/falcon}
2022/06/03 20:09:20 falcon_platform.go:181: common.MpcExecutorPortFileBasePath is /opt/falcon/third_party/MP-SPDZ/Programs/Public-Input/
2022/06/03 20:09:20 global-const.go:244: Read user defined env var {PARTY_SERVER_CLUSTER_IPS: 127.0.0.1}
2022/06/03 20:09:20 global-const.go:244: Read user defined env var {PARTY_SERVER_CLUSTER_LABEL: host}
2022/06/03 20:09:20 falcon_platform.go:196: common.PartyServerClusterIPs is [127.0.0.1]
2022/06/03 20:09:20 falcon_platform.go:197: common.PartyServerClusterIPs is [host]
2022/06/03 20:09:20 falcon_platform.go:359: Launch falcon_platform, Service is  partyserver
2022/06/03 20:09:20 run_partyserver.go:78: RunPartyServer: connecting to Coordinator 127.0.0.1:30004 to AddPort 30007
2022/06/03 20:09:20 run_partyserver.go:81: RunPartyServer: PartyServerAdd  127.0.0.1
2022/06/03 20:09:20 run_partyserver.go:88: [party server 2] listening on IP: 127.0.0.1, Port: 30007
2022/06/03 20:11:02 router.go:36: [PartyServer]: RunWorker registering partyServerPort to coord 30007
2022/06/03 20:11:02 controller.go:42: [PartyServer]: PartyServer setup workers, workerGroupNum =  1  workerPreGroup =  1 totalWorkers= 1 stageName= lime_instance_sample_stage enableDistributedTrain= 0
2022/06/03 20:11:02 controller.go:49: [PartyServer]: PartyServer setup one worker for centralized training
2022/06/03 20:11:02 controller.go:20: [PartyServer]: PartyServer Schedule worker 1 to node 0 
2022/06/03 20:11:02 deploy-docker.go:96: [JobManager]: Current in docker, TrainWorker, svcName pty2-cent-worker1-job1-tr-instance-sample-stage
2022/06/03 20:11:02 deploy-docker.go:109: [JobManager]: localTaskRuntimeLogs is  /opt/falcon/src/falcon_platform/falcon_logs/Party-2_20220603_200919/runtime_logs/pty2-cent-worker1-job1-tr-instance-sample-stage
2022/06/03 20:11:02 deploy-docker.go:140: [JobManager]: CentralizedWorker, map 2 ports to host
2022/06/03 20:11:02 deploy-docker.go:142: [JobManager]: CentralizedWorker, WorkerPort is 22012, ExecutorExecutorPort is [22013 22014 22015],
2022/06/03 20:11:02 utils.go:207: [ExecuteCmd]: /usr/bin/docker service create \
--name pty2-cent-worker1-job1-tr-instance-sample-stage \
--network host \
--replicas 1 \
--mount type=bind,source=/opt/falcon/data/dataset/bank_marketing_data/client2,destination=/dataPath \
--mount type=bind,source=/opt/falcon/data/dataset/bank_marketing_data/client2,destination=/dataOutputPath \
--mount type=bind,source=/opt/falcon/data/dataset/bank_marketing_data/client2,destination=/modelPath \
--mount type=bind,source=/opt/falcon/src/falcon_platform/falcon_logs/Party-2_20220603_200919,destination=/opt/falcon/src/falcon_platform/falcon_logs/Party-2_20220603_200919 \
--env ENV=docker \
--env SERVICE_NAME=TrainWorker \
--env LOG_PATH=/opt/falcon/src/falcon_platform/falcon_logs/Party-2_20220603_200919 \
--env TASK_DATA_PATH=/dataPath \
--env TASK_MODEL_PATH=/modelPath \
--env TASK_DATA_OUTPUT=/dataOutputPath \
--env RUN_TIME_LOGS=/opt/falcon/src/falcon_platform/falcon_logs/Party-2_20220603_200919/runtime_logs/pty2-cent-worker1-job1-tr-instance-sample-stage \
--env WORKER_ADDR=127.0.0.1:22012 \
--env MASTER_ADDR=127.0.0.1:22001 \
--env WORKER_ID=1 \
--env GROUP_ID=0 \
--env PARTY_ID=2 \
--env DISTRIBUTED_ROLE=2 \
--env EXECUTOR_TYPE=TrainWorker \
--env MPC_EXE_PATH=/opt/falcon/third_party/MP-SPDZ/semi-party.x \
--env FL_ENGINE_PATH=/opt/falcon/build/src/executor/falcon \
--constraint node.labels.name==host \
--restart-condition on-failure falcon-dist-train:latest
2022/06/03 20:11:19 utils.go:197: [ExecuteCmd]: ErrorLog is  image falcon-dist-train:latest could not be accessed on a registry to record
its digest. Each node will access falcon-dist-train:latest independently,
possibly leading to different nodes running different
versions of the image.


2022/06/03 20:11:19 utils.go:198: [ExecuteCmd]: OutPut is  ddil7lf59kukfhz0xle1nxg35
overall progress: 0 out of 1 tasks
1/1:  
overall progress: 0 out of 1 tasks
overall progress: 0 out of 1 tasks
overall progress: 0 out of 1 tasks
overall progress: 0 out of 1 tasks
overall progress: 0 out of 1 tasks
overall progress: 0 out of 1 tasks
overall progress: 0 out of 1 tasks
overall progress: 0 out of 1 tasks
overall progress: 0 out of 1 tasks
overall progress: 0 out of 1 tasks
overall progress: 0 out of 1 tasks
overall progress: 0 out of 1 tasks
overall progress: 0 out of 1 tasks
overall progress: 0 out of 1 tasks
overall progress: 0 out of 1 tasks
overall progress: 0 out of 1 tasks
overall progress: 0 out of 1 tasks
overall progress: 0 out of 1 tasks
overall progress: 0 out of 1 tasks
overall progress: 0 out of 1 tasks
overall progress: 0 out of 1 tasks
overall progress: 0 out of 1 tasks
overall progress: 0 out of 1 tasks
overall progress: 0 out of 1 tasks
overall progress: 0 out of 1 tasks
overall progress: 0 out of 1 tasks
overall progress: 0 out of 1 tasks
overall progress: 0 out of 1 tasks
overall progress: 0 out of 1 tasks
overall progress: 0 out of 1 tasks
overall progress: 0 out of 1 tasks
overall progress: 0 out of 1 tasks
overall progress: 1 out of 1 tasks
verify: Waiting 5 seconds to verify that tasks are stable...
verify: Waiting 5 seconds to verify that tasks are stable...
verify: Waiting 5 seconds to verify that tasks are stable...
verify: Waiting 5 seconds to verify that tasks are stable...
verify: Waiting 5 seconds to verify that tasks are stable...
verify: Waiting 4 seconds to verify that tasks are stable...
verify: Waiting 4 seconds to verify that tasks are stable...
verify: Waiting 4 seconds to verify that tasks are stable...
verify: Waiting 4 seconds to verify that tasks are stable...
verify: Waiting 4 seconds to verify that tasks are stable...
verify: Waiting 3 seconds to verify that tasks are stable...
verify: Waiting 3 seconds to verify that tasks are stable...
verify: Waiting 3 seconds to verify that tasks are stable...
verify: Waiting 3 seconds to verify that tasks are stable...
verify: Waiting 3 seconds to verify that tasks are stable...
verify: Waiting 2 seconds to verify that tasks are stable...
verify: Waiting 2 seconds to verify that tasks are stable...
verify: Waiting 2 seconds to verify that tasks are stable...
verify: Waiting 2 seconds to verify that tasks are stable...
verify: Waiting 2 seconds to verify that tasks are stable...
verify: Waiting 1 seconds to verify that tasks are stable...
verify: Waiting 1 seconds to verify that tasks are stable...
verify: Waiting 1 seconds to verify that tasks are stable...
verify: Waiting 1 seconds to verify that tasks are stable...
verify: Waiting 1 seconds to verify that tasks are stable...
verify: Service converged

2022/06/03 20:11:19 manager.go:110: [ResourceManager]: Release Resources, can not delete resources
2022/06/03 20:12:16 router.go:36: [PartyServer]: RunWorker registering partyServerPort to coord 30007
2022/06/03 20:12:16 controller.go:42: [PartyServer]: PartyServer setup workers, workerGroupNum =  1  workerPreGroup =  3 totalWorkers= 3 stageName= lime_weight_task_stage enableDistributedTrain= 1
2022/06/03 20:12:16 controller.go:102: [PartyServer]: PartyServer deploy worker and ps for group 0 ...
2022/06/03 20:12:16 controller.go:106: [PartyServer]: PartyServer setup one worker as parameter server to conduct distributed training
2022/06/03 20:12:16 controller.go:20: [PartyServer]: PartyServer Schedule worker 0 to node 0 
2022/06/03 20:12:16 router.go:36: [PartyServer]: RunWorker registering partyServerPort to coord 30007
2022/06/03 20:12:16 controller.go:42: [PartyServer]: PartyServer setup workers, workerGroupNum =  1  workerPreGroup =  3 totalWorkers= 3 stageName= lime_pred_task_stage enableDistributedTrain= 1
2022/06/03 20:12:16 controller.go:102: [PartyServer]: PartyServer deploy worker and ps for group 0 ...
2022/06/03 20:12:16 controller.go:106: [PartyServer]: PartyServer setup one worker as parameter server to conduct distributed training
2022/06/03 20:12:16 controller.go:20: [PartyServer]: PartyServer Schedule worker 0 to node 0 
2022/06/03 20:12:16 deploy-docker.go:96: [JobManager]: Current in docker, TrainWorker, svcName pty2-dist-ps0-job1-tr-weight-task-stage
2022/06/03 20:12:16 deploy-docker.go:109: [JobManager]: localTaskRuntimeLogs is  /opt/falcon/src/falcon_platform/falcon_logs/Party-2_20220603_200919/runtime_logs/pty2-dist-ps0-job1-tr-weight-task-stage
2022/06/03 20:12:16 deploy-docker.go:230: [JobManager]: DistributedParameterServer, map 2 ports to host
2022/06/03 20:12:16 deploy-docker.go:232: [JobManager]: DistributedParameterServer, WorkerPort is 22096, PsExecutorPorts is [22105 22106]
2022/06/03 20:12:16 controller.go:143: [PartyServer]: PartyServer setup one worker 1 as train worker to conduct distributed training
2022/06/03 20:12:16 controller.go:20: [PartyServer]: PartyServer Schedule worker 1 to node 0 
2022/06/03 20:12:16 utils.go:207: [ExecuteCmd]: /usr/bin/docker service create \
--name pty2-dist-ps0-job1-tr-weight-task-stage \
--network host \
--replicas 1 \
--mount type=bind,source=/opt/falcon/data/dataset/bank_marketing_data/client2,destination=/dataPath \
--mount type=bind,source=/opt/falcon/data/dataset/bank_marketing_data/client2,destination=/dataOutputPath \
--mount type=bind,source=/opt/falcon/data/dataset/bank_marketing_data/client2,destination=/modelPath \
--mount type=bind,source=/opt/falcon/src/falcon_platform/falcon_logs/Party-2_20220603_200919,destination=/opt/falcon/src/falcon_platform/falcon_logs/Party-2_20220603_200919 \
--env ENV=subprocess \
--env SERVICE_NAME=TrainWorker \
--env LOG_PATH=/opt/falcon/src/falcon_platform/falcon_logs/Party-2_20220603_200919 \
--env TASK_DATA_PATH=/dataPath \
--env TASK_MODEL_PATH=/modelPath \
--env TASK_DATA_OUTPUT=/dataOutputPath \
--env RUN_TIME_LOGS=/opt/falcon/src/falcon_platform/falcon_logs/Party-2_20220603_200919/runtime_logs/pty2-dist-ps0-job1-tr-weight-task-stage \
--env WORKER_ADDR=127.0.0.1:22096 \
--env MASTER_ADDR=127.0.0.1:22017 \
--env WORKER_ID=0 \
--env GROUP_ID=0 \
--env PARTY_ID=2 \
--env DISTRIBUTED_ROLE=0 \
--env EXECUTOR_TYPE=TrainWorker \
--env MPC_EXE_PATH=/opt/falcon/third_party/MP-SPDZ/semi-party.x \
--env FL_ENGINE_PATH=/opt/falcon/build/src/executor/falcon \
--constraint node.labels.name==host \
--restart-condition on-failure falcon-dist-train:latest
2022/06/03 20:12:16 deploy-docker.go:96: [JobManager]: Current in docker, TrainWorker, svcName pty2-dist-ps0-job1-tr-pred-task-stage
2022/06/03 20:12:16 deploy-docker.go:109: [JobManager]: localTaskRuntimeLogs is  /opt/falcon/src/falcon_platform/falcon_logs/Party-2_20220603_200919/runtime_logs/pty2-dist-ps0-job1-tr-pred-task-stage
2022/06/03 20:12:16 deploy-docker.go:230: [JobManager]: DistributedParameterServer, map 2 ports to host
2022/06/03 20:12:16 deploy-docker.go:232: [JobManager]: DistributedParameterServer, WorkerPort is 22095, PsExecutorPorts is [22107 22108]
2022/06/03 20:12:16 controller.go:143: [PartyServer]: PartyServer setup one worker 1 as train worker to conduct distributed training
2022/06/03 20:12:16 controller.go:20: [PartyServer]: PartyServer Schedule worker 1 to node 0 
2022/06/03 20:12:16 utils.go:207: [ExecuteCmd]: /usr/bin/docker service create \
--name pty2-dist-ps0-job1-tr-pred-task-stage \
--network host \
--replicas 1 \
--mount type=bind,source=/opt/falcon/data/dataset/bank_marketing_data/client2,destination=/dataPath \
--mount type=bind,source=/opt/falcon/data/dataset/bank_marketing_data/client2,destination=/dataOutputPath \
--mount type=bind,source=/opt/falcon/data/dataset/bank_marketing_data/client2,destination=/modelPath \
--mount type=bind,source=/opt/falcon/src/falcon_platform/falcon_logs/Party-2_20220603_200919,destination=/opt/falcon/src/falcon_platform/falcon_logs/Party-2_20220603_200919 \
--env ENV=subprocess \
--env SERVICE_NAME=TrainWorker \
--env LOG_PATH=/opt/falcon/src/falcon_platform/falcon_logs/Party-2_20220603_200919 \
--env TASK_DATA_PATH=/dataPath \
--env TASK_MODEL_PATH=/modelPath \
--env TASK_DATA_OUTPUT=/dataOutputPath \
--env RUN_TIME_LOGS=/opt/falcon/src/falcon_platform/falcon_logs/Party-2_20220603_200919/runtime_logs/pty2-dist-ps0-job1-tr-pred-task-stage \
--env WORKER_ADDR=127.0.0.1:22095 \
--env MASTER_ADDR=127.0.0.1:22018 \
--env WORKER_ID=0 \
--env GROUP_ID=0 \
--env PARTY_ID=2 \
--env DISTRIBUTED_ROLE=0 \
--env EXECUTOR_TYPE=TrainWorker \
--env MPC_EXE_PATH=/opt/falcon/third_party/MP-SPDZ/semi-party.x \
--env FL_ENGINE_PATH=/opt/falcon/build/src/executor/falcon \
--constraint node.labels.name==host \
--restart-condition on-failure falcon-dist-train:latest
2022/06/03 20:12:16 controller.go:163: [PartyServer]: PartyServer setup one worker as train worker with workerID=1 to conduct distributed training
2022/06/03 20:12:16 deploy-docker.go:96: [JobManager]: Current in docker, TrainWorker, svcName pty2-dist-worker1-job1-tr-weight-task-stage
2022/06/03 20:12:16 deploy-docker.go:109: [JobManager]: localTaskRuntimeLogs is  /opt/falcon/src/falcon_platform/falcon_logs/Party-2_20220603_200919/runtime_logs/pty2-dist-worker1-job1-tr-weight-task-stage
2022/06/03 20:12:16 deploy-docker.go:185: [JobManager]: DistributedWorker, map 3 ports to host
2022/06/03 20:12:16 deploy-docker.go:187: [JobManager]: DistributedWorker, WorkerPort is 22109, ExecutorExecutorPort is [22110 22111 22112], ExecutorPSPort is 22119
2022/06/03 20:12:16 controller.go:143: [PartyServer]: PartyServer setup one worker 2 as train worker to conduct distributed training
2022/06/03 20:12:16 controller.go:20: [PartyServer]: PartyServer Schedule worker 2 to node 0 
2022/06/03 20:12:16 utils.go:207: [ExecuteCmd]: /usr/bin/docker service create \
--name pty2-dist-worker1-job1-tr-weight-task-stage \
--network host \
--replicas 1 \
--mount type=bind,source=/opt/falcon/data/dataset/bank_marketing_data/client2,destination=/dataPath \
--mount type=bind,source=/opt/falcon/data/dataset/bank_marketing_data/client2,destination=/dataOutputPath \
--mount type=bind,source=/opt/falcon/data/dataset/bank_marketing_data/client2,destination=/modelPath \
--mount type=bind,source=/opt/falcon/src/falcon_platform/falcon_logs/Party-2_20220603_200919,destination=/opt/falcon/src/falcon_platform/falcon_logs/Party-2_20220603_200919 \
--env ENV=subprocess \
--env SERVICE_NAME=TrainWorker \
--env LOG_PATH=/opt/falcon/src/falcon_platform/falcon_logs/Party-2_20220603_200919 \
--env TASK_DATA_PATH=/dataPath \
--env TASK_MODEL_PATH=/modelPath \
--env TASK_DATA_OUTPUT=/dataOutputPath \
--env RUN_TIME_LOGS=/opt/falcon/src/falcon_platform/falcon_logs/Party-2_20220603_200919/runtime_logs/pty2-dist-worker1-job1-tr-weight-task-stage \
--env WORKER_ADDR=127.0.0.1:22109 \
--env MASTER_ADDR=127.0.0.1:22017 \
--env WORKER_ID=1 \
--env GROUP_ID=0 \
--env PARTY_ID=2 \
--env DISTRIBUTED_ROLE=1 \
--env EXECUTOR_TYPE=TrainWorker \
--env MPC_EXE_PATH=/opt/falcon/third_party/MP-SPDZ/semi-party.x \
--env FL_ENGINE_PATH=/opt/falcon/build/src/executor/falcon \
--constraint node.labels.name==host \
--restart-condition on-failure falcon-dist-train:latest
2022/06/03 20:12:16 controller.go:163: [PartyServer]: PartyServer setup one worker as train worker with workerID=1 to conduct distributed training
2022/06/03 20:12:16 deploy-docker.go:96: [JobManager]: Current in docker, TrainWorker, svcName pty2-dist-worker1-job1-tr-pred-task-stage
2022/06/03 20:12:16 deploy-docker.go:109: [JobManager]: localTaskRuntimeLogs is  /opt/falcon/src/falcon_platform/falcon_logs/Party-2_20220603_200919/runtime_logs/pty2-dist-worker1-job1-tr-pred-task-stage
2022/06/03 20:12:16 deploy-docker.go:185: [JobManager]: DistributedWorker, map 3 ports to host
2022/06/03 20:12:16 deploy-docker.go:187: [JobManager]: DistributedWorker, WorkerPort is 22113, ExecutorExecutorPort is [22114 22115 22116], ExecutorPSPort is 22120
2022/06/03 20:12:16 controller.go:143: [PartyServer]: PartyServer setup one worker 2 as train worker to conduct distributed training
2022/06/03 20:12:16 controller.go:20: [PartyServer]: PartyServer Schedule worker 2 to node 0 
2022/06/03 20:12:16 utils.go:207: [ExecuteCmd]: /usr/bin/docker service create \
--name pty2-dist-worker1-job1-tr-pred-task-stage \
--network host \
--replicas 1 \
--mount type=bind,source=/opt/falcon/data/dataset/bank_marketing_data/client2,destination=/dataPath \
--mount type=bind,source=/opt/falcon/data/dataset/bank_marketing_data/client2,destination=/dataOutputPath \
--mount type=bind,source=/opt/falcon/data/dataset/bank_marketing_data/client2,destination=/modelPath \
--mount type=bind,source=/opt/falcon/src/falcon_platform/falcon_logs/Party-2_20220603_200919,destination=/opt/falcon/src/falcon_platform/falcon_logs/Party-2_20220603_200919 \
--env ENV=subprocess \
--env SERVICE_NAME=TrainWorker \
--env LOG_PATH=/opt/falcon/src/falcon_platform/falcon_logs/Party-2_20220603_200919 \
--env TASK_DATA_PATH=/dataPath \
--env TASK_MODEL_PATH=/modelPath \
--env TASK_DATA_OUTPUT=/dataOutputPath \
--env RUN_TIME_LOGS=/opt/falcon/src/falcon_platform/falcon_logs/Party-2_20220603_200919/runtime_logs/pty2-dist-worker1-job1-tr-pred-task-stage \
--env WORKER_ADDR=127.0.0.1:22113 \
--env MASTER_ADDR=127.0.0.1:22018 \
--env WORKER_ID=1 \
--env GROUP_ID=0 \
--env PARTY_ID=2 \
--env DISTRIBUTED_ROLE=1 \
--env EXECUTOR_TYPE=TrainWorker \
--env MPC_EXE_PATH=/opt/falcon/third_party/MP-SPDZ/semi-party.x \
--env FL_ENGINE_PATH=/opt/falcon/build/src/executor/falcon \
--constraint node.labels.name==host \
--restart-condition on-failure falcon-dist-train:latest
2022/06/03 20:12:16 controller.go:163: [PartyServer]: PartyServer setup one worker as train worker with workerID=2 to conduct distributed training
2022/06/03 20:12:16 deploy-docker.go:96: [JobManager]: Current in docker, TrainWorker, svcName pty2-dist-worker2-job1-tr-weight-task-stage
2022/06/03 20:12:16 deploy-docker.go:109: [JobManager]: localTaskRuntimeLogs is  /opt/falcon/src/falcon_platform/falcon_logs/Party-2_20220603_200919/runtime_logs/pty2-dist-worker2-job1-tr-weight-task-stage
2022/06/03 20:12:16 deploy-docker.go:185: [JobManager]: DistributedWorker, map 3 ports to host
2022/06/03 20:12:16 deploy-docker.go:187: [JobManager]: DistributedWorker, WorkerPort is 22121, ExecutorExecutorPort is [22123 22124 22125], ExecutorPSPort is 22130
2022/06/03 20:12:16 utils.go:207: [ExecuteCmd]: /usr/bin/docker service create \
--name pty2-dist-worker2-job1-tr-weight-task-stage \
--network host \
--replicas 1 \
--mount type=bind,source=/opt/falcon/data/dataset/bank_marketing_data/client2,destination=/dataPath \
--mount type=bind,source=/opt/falcon/data/dataset/bank_marketing_data/client2,destination=/dataOutputPath \
--mount type=bind,source=/opt/falcon/data/dataset/bank_marketing_data/client2,destination=/modelPath \
--mount type=bind,source=/opt/falcon/src/falcon_platform/falcon_logs/Party-2_20220603_200919,destination=/opt/falcon/src/falcon_platform/falcon_logs/Party-2_20220603_200919 \
--env ENV=subprocess \
--env SERVICE_NAME=TrainWorker \
--env LOG_PATH=/opt/falcon/src/falcon_platform/falcon_logs/Party-2_20220603_200919 \
--env TASK_DATA_PATH=/dataPath \
--env TASK_MODEL_PATH=/modelPath \
--env TASK_DATA_OUTPUT=/dataOutputPath \
--env RUN_TIME_LOGS=/opt/falcon/src/falcon_platform/falcon_logs/Party-2_20220603_200919/runtime_logs/pty2-dist-worker2-job1-tr-weight-task-stage \
--env WORKER_ADDR=127.0.0.1:22121 \
--env MASTER_ADDR=127.0.0.1:22017 \
--env WORKER_ID=2 \
--env GROUP_ID=0 \
--env PARTY_ID=2 \
--env DISTRIBUTED_ROLE=1 \
--env EXECUTOR_TYPE=TrainWorker \
--env MPC_EXE_PATH=/opt/falcon/third_party/MP-SPDZ/semi-party.x \
--env FL_ENGINE_PATH=/opt/falcon/build/src/executor/falcon \
--constraint node.labels.name==host \
--restart-condition on-failure falcon-dist-train:latest
2022/06/03 20:12:16 controller.go:163: [PartyServer]: PartyServer setup one worker as train worker with workerID=2 to conduct distributed training
2022/06/03 20:12:16 deploy-docker.go:96: [JobManager]: Current in docker, TrainWorker, svcName pty2-dist-worker2-job1-tr-pred-task-stage
2022/06/03 20:12:16 deploy-docker.go:109: [JobManager]: localTaskRuntimeLogs is  /opt/falcon/src/falcon_platform/falcon_logs/Party-2_20220603_200919/runtime_logs/pty2-dist-worker2-job1-tr-pred-task-stage
2022/06/03 20:12:16 deploy-docker.go:185: [JobManager]: DistributedWorker, map 3 ports to host
2022/06/03 20:12:16 deploy-docker.go:187: [JobManager]: DistributedWorker, WorkerPort is 22122, ExecutorExecutorPort is [22127 22128 22129], ExecutorPSPort is 22132
2022/06/03 20:12:16 utils.go:207: [ExecuteCmd]: /usr/bin/docker service create \
--name pty2-dist-worker2-job1-tr-pred-task-stage \
--network host \
--replicas 1 \
--mount type=bind,source=/opt/falcon/data/dataset/bank_marketing_data/client2,destination=/dataPath \
--mount type=bind,source=/opt/falcon/data/dataset/bank_marketing_data/client2,destination=/dataOutputPath \
--mount type=bind,source=/opt/falcon/data/dataset/bank_marketing_data/client2,destination=/modelPath \
--mount type=bind,source=/opt/falcon/src/falcon_platform/falcon_logs/Party-2_20220603_200919,destination=/opt/falcon/src/falcon_platform/falcon_logs/Party-2_20220603_200919 \
--env ENV=subprocess \
--env SERVICE_NAME=TrainWorker \
--env LOG_PATH=/opt/falcon/src/falcon_platform/falcon_logs/Party-2_20220603_200919 \
--env TASK_DATA_PATH=/dataPath \
--env TASK_MODEL_PATH=/modelPath \
--env TASK_DATA_OUTPUT=/dataOutputPath \
--env RUN_TIME_LOGS=/opt/falcon/src/falcon_platform/falcon_logs/Party-2_20220603_200919/runtime_logs/pty2-dist-worker2-job1-tr-pred-task-stage \
--env WORKER_ADDR=127.0.0.1:22122 \
--env MASTER_ADDR=127.0.0.1:22018 \
--env WORKER_ID=2 \
--env GROUP_ID=0 \
--env PARTY_ID=2 \
--env DISTRIBUTED_ROLE=1 \
--env EXECUTOR_TYPE=TrainWorker \
--env MPC_EXE_PATH=/opt/falcon/third_party/MP-SPDZ/semi-party.x \
--env FL_ENGINE_PATH=/opt/falcon/build/src/executor/falcon \
--constraint node.labels.name==host \
--restart-condition on-failure falcon-dist-train:latest
2022/06/03 20:12:32 utils.go:197: [ExecuteCmd]: ErrorLog is  image falcon-dist-train:latest could not be accessed on a registry to record
its digest. Each node will access falcon-dist-train:latest independently,
possibly leading to different nodes running different
versions of the image.


2022/06/03 20:12:32 utils.go:198: [ExecuteCmd]: OutPut is  3tjv7hwn3geh783gbs3qwzojc
overall progress: 0 out of 1 tasks
1/1:  
overall progress: 0 out of 1 tasks
overall progress: 0 out of 1 tasks
overall progress: 0 out of 1 tasks
overall progress: 0 out of 1 tasks
overall progress: 0 out of 1 tasks
overall progress: 0 out of 1 tasks
overall progress: 0 out of 1 tasks
overall progress: 0 out of 1 tasks
overall progress: 0 out of 1 tasks
overall progress: 0 out of 1 tasks
overall progress: 0 out of 1 tasks
overall progress: 0 out of 1 tasks
overall progress: 0 out of 1 tasks
overall progress: 0 out of 1 tasks
overall progress: 0 out of 1 tasks
overall progress: 0 out of 1 tasks
overall progress: 0 out of 1 tasks
overall progress: 0 out of 1 tasks
overall progress: 0 out of 1 tasks
overall progress: 0 out of 1 tasks
overall progress: 0 out of 1 tasks
overall progress: 0 out of 1 tasks
overall progress: 0 out of 1 tasks
overall progress: 0 out of 1 tasks
overall progress: 0 out of 1 tasks
overall progress: 0 out of 1 tasks
overall progress: 0 out of 1 tasks
overall progress: 0 out of 1 tasks
overall progress: 0 out of 1 tasks
overall progress: 0 out of 1 tasks
overall progress: 1 out of 1 tasks
verify: Waiting 5 seconds to verify that tasks are stable...
verify: Waiting 5 seconds to verify that tasks are stable...
verify: Waiting 5 seconds to verify that tasks are stable...
verify: Waiting 5 seconds to verify that tasks are stable...
verify: Waiting 5 seconds to verify that tasks are stable...
verify: Waiting 4 seconds to verify that tasks are stable...
verify: Waiting 4 seconds to verify that tasks are stable...
verify: Waiting 4 seconds to verify that tasks are stable...
verify: Waiting 4 seconds to verify that tasks are stable...
verify: Waiting 4 seconds to verify that tasks are stable...
verify: Waiting 3 seconds to verify that tasks are stable...
verify: Waiting 3 seconds to verify that tasks are stable...
verify: Waiting 3 seconds to verify that tasks are stable...
verify: Waiting 3 seconds to verify that tasks are stable...
verify: Waiting 3 seconds to verify that tasks are stable...
verify: Waiting 2 seconds to verify that tasks are stable...
verify: Waiting 2 seconds to verify that tasks are stable...
verify: Waiting 2 seconds to verify that tasks are stable...
verify: Waiting 2 seconds to verify that tasks are stable...
verify: Waiting 2 seconds to verify that tasks are stable...
verify: Waiting 1 seconds to verify that tasks are stable...
verify: Waiting 1 seconds to verify that tasks are stable...
verify: Waiting 1 seconds to verify that tasks are stable...
verify: Waiting 1 seconds to verify that tasks are stable...
verify: Waiting 1 seconds to verify that tasks are stable...
verify: Service converged

2022/06/03 20:12:32 manager.go:110: [ResourceManager]: Release Resources, can not delete resources
2022/06/03 20:12:32 utils.go:197: [ExecuteCmd]: ErrorLog is  image falcon-dist-train:latest could not be accessed on a registry to record
its digest. Each node will access falcon-dist-train:latest independently,
possibly leading to different nodes running different
versions of the image.


2022/06/03 20:12:32 utils.go:198: [ExecuteCmd]: OutPut is  p7grhcp7brwpvgyfk5vwbq1cf
overall progress: 0 out of 1 tasks
1/1:  
overall progress: 0 out of 1 tasks
overall progress: 0 out of 1 tasks
overall progress: 0 out of 1 tasks
overall progress: 0 out of 1 tasks
overall progress: 0 out of 1 tasks
overall progress: 0 out of 1 tasks
overall progress: 0 out of 1 tasks
overall progress: 0 out of 1 tasks
overall progress: 0 out of 1 tasks
overall progress: 0 out of 1 tasks
overall progress: 0 out of 1 tasks
overall progress: 0 out of 1 tasks
overall progress: 0 out of 1 tasks
overall progress: 0 out of 1 tasks
overall progress: 0 out of 1 tasks
overall progress: 0 out of 1 tasks
overall progress: 0 out of 1 tasks
overall progress: 0 out of 1 tasks
overall progress: 0 out of 1 tasks
overall progress: 0 out of 1 tasks
overall progress: 0 out of 1 tasks
overall progress: 0 out of 1 tasks
overall progress: 0 out of 1 tasks
overall progress: 0 out of 1 tasks
overall progress: 0 out of 1 tasks
overall progress: 0 out of 1 tasks
overall progress: 0 out of 1 tasks
overall progress: 0 out of 1 tasks
overall progress: 0 out of 1 tasks
overall progress: 0 out of 1 tasks
overall progress: 1 out of 1 tasks
verify: Waiting 5 seconds to verify that tasks are stable...
verify: Waiting 5 seconds to verify that tasks are stable...
verify: Waiting 5 seconds to verify that tasks are stable...
verify: Waiting 5 seconds to verify that tasks are stable...
verify: Waiting 5 seconds to verify that tasks are stable...
verify: Waiting 4 seconds to verify that tasks are stable...
verify: Waiting 4 seconds to verify that tasks are stable...
verify: Waiting 4 seconds to verify that tasks are stable...
verify: Waiting 4 seconds to verify that tasks are stable...
verify: Waiting 4 seconds to verify that tasks are stable...
verify: Waiting 3 seconds to verify that tasks are stable...
verify: Waiting 3 seconds to verify that tasks are stable...
verify: Waiting 3 seconds to verify that tasks are stable...
verify: Waiting 3 seconds to verify that tasks are stable...
verify: Waiting 3 seconds to verify that tasks are stable...
verify: Waiting 2 seconds to verify that tasks are stable...
verify: Waiting 2 seconds to verify that tasks are stable...
verify: Waiting 2 seconds to verify that tasks are stable...
verify: Waiting 2 seconds to verify that tasks are stable...
verify: Waiting 2 seconds to verify that tasks are stable...
verify: Waiting 1 seconds to verify that tasks are stable...
verify: Waiting 1 seconds to verify that tasks are stable...
verify: Waiting 1 seconds to verify that tasks are stable...
verify: Waiting 1 seconds to verify that tasks are stable...
verify: Waiting 1 seconds to verify that tasks are stable...
verify: Service converged

2022/06/03 20:12:32 manager.go:110: [ResourceManager]: Release Resources, can not delete resources
2022/06/03 20:12:33 utils.go:197: [ExecuteCmd]: ErrorLog is  image falcon-dist-train:latest could not be accessed on a registry to record
its digest. Each node will access falcon-dist-train:latest independently,
possibly leading to different nodes running different
versions of the image.


2022/06/03 20:12:33 utils.go:198: [ExecuteCmd]: OutPut is  qz09ftfpfd0s197jtg3e8criy
overall progress: 0 out of 1 tasks
1/1:  
overall progress: 0 out of 1 tasks
overall progress: 0 out of 1 tasks
overall progress: 0 out of 1 tasks
overall progress: 0 out of 1 tasks
overall progress: 0 out of 1 tasks
overall progress: 0 out of 1 tasks
overall progress: 0 out of 1 tasks
overall progress: 0 out of 1 tasks
overall progress: 0 out of 1 tasks
overall progress: 0 out of 1 tasks
overall progress: 0 out of 1 tasks
overall progress: 0 out of 1 tasks
overall progress: 0 out of 1 tasks
overall progress: 0 out of 1 tasks
overall progress: 0 out of 1 tasks
overall progress: 0 out of 1 tasks
overall progress: 0 out of 1 tasks
overall progress: 0 out of 1 tasks
overall progress: 0 out of 1 tasks
overall progress: 0 out of 1 tasks
overall progress: 0 out of 1 tasks
overall progress: 0 out of 1 tasks
overall progress: 0 out of 1 tasks
overall progress: 0 out of 1 tasks
overall progress: 0 out of 1 tasks
overall progress: 0 out of 1 tasks
overall progress: 0 out of 1 tasks
overall progress: 0 out of 1 tasks
overall progress: 0 out of 1 tasks
overall progress: 0 out of 1 tasks
overall progress: 0 out of 1 tasks
overall progress: 0 out of 1 tasks
overall progress: 1 out of 1 tasks
verify: Waiting 5 seconds to verify that tasks are stable...
verify: Waiting 5 seconds to verify that tasks are stable...
verify: Waiting 5 seconds to verify that tasks are stable...
verify: Waiting 5 seconds to verify that tasks are stable...
verify: Waiting 5 seconds to verify that tasks are stable...
verify: Waiting 4 seconds to verify that tasks are stable...
verify: Waiting 4 seconds to verify that tasks are stable...
verify: Waiting 4 seconds to verify that tasks are stable...
verify: Waiting 4 seconds to verify that tasks are stable...
verify: Waiting 4 seconds to verify that tasks are stable...
verify: Waiting 3 seconds to verify that tasks are stable...
verify: Waiting 3 seconds to verify that tasks are stable...
verify: Waiting 3 seconds to verify that tasks are stable...
verify: Waiting 3 seconds to verify that tasks are stable...
verify: Waiting 3 seconds to verify that tasks are stable...
verify: Waiting 2 seconds to verify that tasks are stable...
verify: Waiting 2 seconds to verify that tasks are stable...
verify: Waiting 2 seconds to verify that tasks are stable...
verify: Waiting 2 seconds to verify that tasks are stable...
verify: Waiting 2 seconds to verify that tasks are stable...
verify: Waiting 1 seconds to verify that tasks are stable...
verify: Waiting 1 seconds to verify that tasks are stable...
verify: Waiting 1 seconds to verify that tasks are stable...
verify: Waiting 1 seconds to verify that tasks are stable...
verify: Waiting 1 seconds to verify that tasks are stable...
verify: Service converged

2022/06/03 20:12:33 manager.go:110: [ResourceManager]: Release Resources, can not delete resources
2022/06/03 20:12:33 utils.go:197: [ExecuteCmd]: ErrorLog is  image falcon-dist-train:latest could not be accessed on a registry to record
its digest. Each node will access falcon-dist-train:latest independently,
possibly leading to different nodes running different
versions of the image.


2022/06/03 20:12:33 utils.go:198: [ExecuteCmd]: OutPut is  8jzm7a53lf50vi41t3xue89co
overall progress: 0 out of 1 tasks
1/1:  
overall progress: 0 out of 1 tasks
overall progress: 0 out of 1 tasks
overall progress: 0 out of 1 tasks
overall progress: 0 out of 1 tasks
overall progress: 0 out of 1 tasks
overall progress: 0 out of 1 tasks
overall progress: 0 out of 1 tasks
overall progress: 0 out of 1 tasks
overall progress: 0 out of 1 tasks
overall progress: 0 out of 1 tasks
overall progress: 0 out of 1 tasks
overall progress: 0 out of 1 tasks
overall progress: 0 out of 1 tasks
overall progress: 0 out of 1 tasks
overall progress: 0 out of 1 tasks
overall progress: 0 out of 1 tasks
overall progress: 0 out of 1 tasks
overall progress: 0 out of 1 tasks
overall progress: 0 out of 1 tasks
overall progress: 0 out of 1 tasks
overall progress: 0 out of 1 tasks
overall progress: 0 out of 1 tasks
overall progress: 0 out of 1 tasks
overall progress: 0 out of 1 tasks
overall progress: 0 out of 1 tasks
overall progress: 0 out of 1 tasks
overall progress: 0 out of 1 tasks
overall progress: 0 out of 1 tasks
overall progress: 0 out of 1 tasks
overall progress: 0 out of 1 tasks
overall progress: 0 out of 1 tasks
overall progress: 0 out of 1 tasks
overall progress: 0 out of 1 tasks
overall progress: 0 out of 1 tasks
overall progress: 1 out of 1 tasks
verify: Waiting 5 seconds to verify that tasks are stable...
verify: Waiting 5 seconds to verify that tasks are stable...
verify: Waiting 5 seconds to verify that tasks are stable...
verify: Waiting 5 seconds to verify that tasks are stable...
verify: Waiting 5 seconds to verify that tasks are stable...
verify: Waiting 4 seconds to verify that tasks are stable...
verify: Waiting 4 seconds to verify that tasks are stable...
verify: Waiting 4 seconds to verify that tasks are stable...
verify: Waiting 4 seconds to verify that tasks are stable...
verify: Waiting 4 seconds to verify that tasks are stable...
verify: Waiting 3 seconds to verify that tasks are stable...
verify: Waiting 3 seconds to verify that tasks are stable...
verify: Waiting 3 seconds to verify that tasks are stable...
verify: Waiting 3 seconds to verify that tasks are stable...
verify: Waiting 3 seconds to verify that tasks are stable...
verify: Waiting 2 seconds to verify that tasks are stable...
verify: Waiting 2 seconds to verify that tasks are stable...
verify: Waiting 2 seconds to verify that tasks are stable...
verify: Waiting 2 seconds to verify that tasks are stable...
verify: Waiting 2 seconds to verify that tasks are stable...
verify: Waiting 1 seconds to verify that tasks are stable...
verify: Waiting 1 seconds to verify that tasks are stable...
verify: Waiting 1 seconds to verify that tasks are stable...
verify: Waiting 1 seconds to verify that tasks are stable...
verify: Waiting 1 seconds to verify that tasks are stable...
verify: Service converged

2022/06/03 20:12:33 manager.go:110: [ResourceManager]: Release Resources, can not delete resources
2022/06/03 20:12:33 utils.go:197: [ExecuteCmd]: ErrorLog is  image falcon-dist-train:latest could not be accessed on a registry to record
its digest. Each node will access falcon-dist-train:latest independently,
possibly leading to different nodes running different
versions of the image.


2022/06/03 20:12:33 utils.go:198: [ExecuteCmd]: OutPut is  oanpl2zwhvm6i5xkm1mmz804j
overall progress: 0 out of 1 tasks
1/1:  
overall progress: 0 out of 1 tasks
overall progress: 0 out of 1 tasks
overall progress: 0 out of 1 tasks
overall progress: 0 out of 1 tasks
overall progress: 0 out of 1 tasks
overall progress: 0 out of 1 tasks
overall progress: 0 out of 1 tasks
overall progress: 0 out of 1 tasks
overall progress: 0 out of 1 tasks
overall progress: 0 out of 1 tasks
overall progress: 0 out of 1 tasks
overall progress: 0 out of 1 tasks
overall progress: 0 out of 1 tasks
overall progress: 0 out of 1 tasks
overall progress: 0 out of 1 tasks
overall progress: 0 out of 1 tasks
overall progress: 0 out of 1 tasks
overall progress: 0 out of 1 tasks
overall progress: 0 out of 1 tasks
overall progress: 0 out of 1 tasks
overall progress: 0 out of 1 tasks
overall progress: 0 out of 1 tasks
overall progress: 0 out of 1 tasks
overall progress: 0 out of 1 tasks
overall progress: 0 out of 1 tasks
overall progress: 0 out of 1 tasks
overall progress: 0 out of 1 tasks
overall progress: 0 out of 1 tasks
overall progress: 0 out of 1 tasks
overall progress: 0 out of 1 tasks
overall progress: 0 out of 1 tasks
overall progress: 0 out of 1 tasks
overall progress: 0 out of 1 tasks
overall progress: 0 out of 1 tasks
overall progress: 0 out of 1 tasks
overall progress: 1 out of 1 tasks
verify: Waiting 5 seconds to verify that tasks are stable...
verify: Waiting 5 seconds to verify that tasks are stable...
verify: Waiting 5 seconds to verify that tasks are stable...
verify: Waiting 5 seconds to verify that tasks are stable...
verify: Waiting 5 seconds to verify that tasks are stable...
verify: Waiting 4 seconds to verify that tasks are stable...
verify: Waiting 4 seconds to verify that tasks are stable...
verify: Waiting 4 seconds to verify that tasks are stable...
verify: Waiting 4 seconds to verify that tasks are stable...
verify: Waiting 4 seconds to verify that tasks are stable...
verify: Waiting 3 seconds to verify that tasks are stable...
verify: Waiting 3 seconds to verify that tasks are stable...
verify: Waiting 3 seconds to verify that tasks are stable...
verify: Waiting 3 seconds to verify that tasks are stable...
verify: Waiting 3 seconds to verify that tasks are stable...
verify: Waiting 2 seconds to verify that tasks are stable...
verify: Waiting 2 seconds to verify that tasks are stable...
verify: Waiting 2 seconds to verify that tasks are stable...
verify: Waiting 2 seconds to verify that tasks are stable...
verify: Waiting 2 seconds to verify that tasks are stable...
verify: Waiting 1 seconds to verify that tasks are stable...
verify: Waiting 1 seconds to verify that tasks are stable...
verify: Waiting 1 seconds to verify that tasks are stable...
verify: Waiting 1 seconds to verify that tasks are stable...
verify: Waiting 1 seconds to verify that tasks are stable...
verify: Service converged

2022/06/03 20:12:33 manager.go:110: [ResourceManager]: Release Resources, can not delete resources
2022/06/03 20:12:33 utils.go:197: [ExecuteCmd]: ErrorLog is  image falcon-dist-train:latest could not be accessed on a registry to record
its digest. Each node will access falcon-dist-train:latest independently,
possibly leading to different nodes running different
versions of the image.


2022/06/03 20:12:33 utils.go:198: [ExecuteCmd]: OutPut is  jr88ht7egmce8xyj8f1a7lpda
overall progress: 0 out of 1 tasks
1/1:  
overall progress: 0 out of 1 tasks
overall progress: 0 out of 1 tasks
overall progress: 0 out of 1 tasks
overall progress: 0 out of 1 tasks
overall progress: 0 out of 1 tasks
overall progress: 0 out of 1 tasks
overall progress: 0 out of 1 tasks
overall progress: 0 out of 1 tasks
overall progress: 0 out of 1 tasks
overall progress: 0 out of 1 tasks
overall progress: 0 out of 1 tasks
overall progress: 0 out of 1 tasks
overall progress: 0 out of 1 tasks
overall progress: 0 out of 1 tasks
overall progress: 0 out of 1 tasks
overall progress: 0 out of 1 tasks
overall progress: 0 out of 1 tasks
overall progress: 0 out of 1 tasks
overall progress: 0 out of 1 tasks
overall progress: 0 out of 1 tasks
overall progress: 0 out of 1 tasks
overall progress: 0 out of 1 tasks
overall progress: 0 out of 1 tasks
overall progress: 0 out of 1 tasks
overall progress: 0 out of 1 tasks
overall progress: 0 out of 1 tasks
overall progress: 0 out of 1 tasks
overall progress: 0 out of 1 tasks
overall progress: 0 out of 1 tasks
overall progress: 0 out of 1 tasks
overall progress: 0 out of 1 tasks
overall progress: 0 out of 1 tasks
overall progress: 0 out of 1 tasks
overall progress: 0 out of 1 tasks
overall progress: 0 out of 1 tasks
overall progress: 1 out of 1 tasks
verify: Waiting 5 seconds to verify that tasks are stable...
verify: Waiting 5 seconds to verify that tasks are stable...
verify: Waiting 5 seconds to verify that tasks are stable...
verify: Waiting 5 seconds to verify that tasks are stable...
verify: Waiting 5 seconds to verify that tasks are stable...
verify: Waiting 4 seconds to verify that tasks are stable...
verify: Waiting 4 seconds to verify that tasks are stable...
verify: Waiting 4 seconds to verify that tasks are stable...
verify: Waiting 4 seconds to verify that tasks are stable...
verify: Waiting 4 seconds to verify that tasks are stable...
verify: Waiting 3 seconds to verify that tasks are stable...
verify: Waiting 3 seconds to verify that tasks are stable...
verify: Waiting 3 seconds to verify that tasks are stable...
verify: Waiting 3 seconds to verify that tasks are stable...
verify: Waiting 3 seconds to verify that tasks are stable...
verify: Waiting 2 seconds to verify that tasks are stable...
verify: Waiting 2 seconds to verify that tasks are stable...
verify: Waiting 2 seconds to verify that tasks are stable...
verify: Waiting 2 seconds to verify that tasks are stable...
verify: Waiting 2 seconds to verify that tasks are stable...
verify: Waiting 1 seconds to verify that tasks are stable...
verify: Waiting 1 seconds to verify that tasks are stable...
verify: Waiting 1 seconds to verify that tasks are stable...
verify: Waiting 1 seconds to verify that tasks are stable...
verify: Waiting 1 seconds to verify that tasks are stable...
verify: Service converged

2022/06/03 20:12:33 manager.go:110: [ResourceManager]: Release Resources, can not delete resources
2022/06/03 20:35:09 run_partyserver.go:60: RunPartyServer: call client.PartyServerDelete
2022/06/03 20:35:09 run_partyserver.go:63: RunPartyServer: delete all docker containers
2022/06/03 20:35:09 run_partyserver.go:104: [party server]: Server Stopped
