2022/06/05 09:35:37 global-const.go:241: Set env var to default {IS_DEBUG: debug-off}
2022/06/05 09:35:37 global-const.go:241: Set env var to default {TEST_IMG_NAME: redis:5.0.3-alpine3.8}
2022/06/05 09:35:37 global-const.go:241: Set env var to default {FALCON_WORKER_IMAGE: lemonwyc/falcon-lime:paper-parallel}
2022/06/05 09:35:37 global-const.go:244: Read user defined env var {TASK_DATA_PATH: /dataPath}
2022/06/05 09:35:37 global-const.go:244: Read user defined env var {TASK_MODEL_PATH: /modelPath}
2022/06/05 09:35:37 global-const.go:244: Read user defined env var {TASK_DATA_OUTPUT: /dataOutputPath}
2022/06/05 09:35:37 global-const.go:244: Read user defined env var {RUN_TIME_LOGS: /opt/falcon/src/falcon_platform/falcon_logs/Party-0_20220603_205609/runtime_logs/pty0-cent-worker6-job6-tr-pred-task-stage}
2022/06/05 09:35:37 global-const.go:244: Read user defined env var {WORKER_ADDR: 127.0.0.1:22082}
2022/06/05 09:35:37 global-const.go:244: Read user defined env var {MASTER_ADDR: 127.0.0.1:22081}
2022/06/05 09:35:37 global-const.go:244: Read user defined env var {WORKER_ID: 6}
2022/06/05 09:35:37 global-const.go:244: Read user defined env var {GROUP_ID: 0}
2022/06/05 09:35:37 global-const.go:244: Read user defined env var {PARTY_ID: 0}
2022/06/05 09:35:37 global-const.go:244: Read user defined env var {DISTRIBUTED_ROLE: 2}
2022/06/05 09:35:37 global-const.go:244: Read user defined env var {MPC_EXE_PATH: /opt/falcon/third_party/MP-SPDZ/semi-party.x}
2022/06/05 09:35:37 global-const.go:244: Read user defined env var {FL_ENGINE_PATH: /opt/falcon/build/src/executor/falcon}
2022/06/05 09:35:37 falcon_platform.go:281: common.MpcExecutorPortFileBasePath is /opt/falcon/third_party/MP-SPDZ/Programs/Public-Input/
2022/06/05 09:35:37 global-const.go:241: Set env var to default {EXECUTOR_NAME: }
2022/06/05 09:35:37 falcon_platform.go:380: Launching falcon_platform, the common.WorkerType 
2022/06/05 09:35:37 rpcbase.go:28: [rpcbase] InitRpcBase called with Addr 127.0.0.1:22082
2022/06/05 09:35:37 workerbase.go:172: [WorkerBase]: reset called
2022/06/05 09:35:37 trainworker.go:45: [TrainWorker] Worker initialized, WorkerName=TrainWorker, WorkerID=6, PartyID=0, DistributedRole=cent-worker 
2022/06/05 09:35:37 workerbase.go:60: [WorkerBase]: RunWorker called
2022/06/05 09:35:37 trainworker.go:72: [TrainWorker] from PartyID 0 to register to masterAddr(127.0.0.1:22081)
2022/06/05 09:35:37 workerbase.go:98: [WorkerBase]: call Master.RegisterWorker to register WorkerAddr: 127.0.0.1:22082 
2022/06/05 09:35:37 rpc_utils.go:49: ----Rpc Call----, addr: 127.0.0.1:22081, methodName: Master.RegisterWorker 
2022/06/05 09:35:37 rpcbase.go:42: [TrainWorker]: listening on tcp, 0.0.0.0:22082 
2022/06/05 09:35:37 trainworker.go:187: [TrainWorker] TrainWorker.RunMpc called, mpcAlgorithmName: logistic_regression
2022/06/05 09:35:37 manager.go:105: [ResourceManager]: DeleteResources done
2022/06/05 09:35:37 traintask.go:16: [TrainWorker]: spawn thread for mpc
2022/06/05 09:35:37 traintask.go:1150: [TrainWorker]: begin task mpc
2022/06/05 09:35:37 traintask.go:1156: [TrainWorker]: Third Party base path for executing semi-party.x is : "/opt/falcon/third_party/MP-SPDZ"
2022/06/05 09:35:37 traintask.go:1163: [TrainWorker]: Config mpc-network file, write [127.0.0.1:22086
127.0.0.1:22091
127.0.0.1:22096] to file [/opt/falcon/third_party/MP-SPDZ/mpc-network-0] 
2022/06/05 09:35:37 traintask.go:1180: [TrainWorker]: Config mpcExecutorPortFile file, write [49600] to file [/opt/falcon/third_party/MP-SPDZ/Programs/Public-Input/logistic_regression] 
2022/06/05 09:35:37 traintask.go:1195: [TrainWorker]: Config mpcExecutorPairNetworkCfgPath file, write port [49600] to file [/opt/falcon/third_party/MP-SPDZ/Programs/Public-Input/logistic_regression] 
2022/06/05 09:35:37 traintask.go:1225: ---------------------------------------------------------------------------------
2022/06/05 09:35:37 traintask.go:1226: [TrainWorker]: cmd is "/opt/falcon/third_party/MP-SPDZ/semi-party.x -F -N 3 -p 0 -I -ip /opt/falcon/third_party/MP-SPDZ/mpc-network-0 logistic_regression"
2022/06/05 09:35:37 traintask.go:1227: ---------------------------------------------------------------------------------
2022/06/05 09:35:37 mngr-process.go:123: [subProcessMngr]: open subProcess, PID= 110
2022/06/05 09:35:39 workerbase.go:172: [WorkerBase]: reset called
2022/06/05 09:35:42 trainworker.go:189: [TrainWorker]: WorkerAddr 127.0.0.1:22082, TrainWorker.RunMpc for task logistic_regression done
2022/06/05 09:35:42 trainworker.go:96: [TrainWorker] TrainWorker.DoTask called, taskName: lime_pred_task
2022/06/05 09:35:42 trainworker.go:249: [TrainWorker]: ----------- WorkerAddr , printParams ----------- lime_compute_prediction
2022/06/05 09:35:42 trainworker.go:344: [TrainWorker]: original params = {state:{NoUnkeyedLiterals:{} DoNotCompare:[] DoNotCopy:[] atomicMessageInfo:0xc000126b48} sizeCache:0 unknownFields:[] OriginalModelName:logistic_regression OriginalModelSavedFile:/log_reg/saved_model.pb GeneratedSampleFile:/log_reg/sampled_data.txt ModelType:classification ClassNum:2 ComputedPredictionFile:/log_reg/predictions.txt}
2022/06/05 09:35:42 trainworker.go:348: structure params ={
	"original_model_name": "logistic_regression",
	"original_model_saved_file": "/log_reg/saved_model.pb",
	"generated_sample_file": "/log_reg/sampled_data.txt",
	"model_type": "classification",
	"class_num": 2,
	"computed_prediction_file": "/log_reg/predictions.txt"
}
2022/06/05 09:35:42 trainworker.go:399: [TrainWorker]: ----------- WorkerAddr , printParams Done-----------
2022/06/05 09:35:42 traintask.go:325: [TrainWorker]: begin task lime prediction
2022/06/05 09:35:42 traintask.go:437: [PartyServer]: training method: centralized
2022/06/05 09:35:42 traintask.go:470: ---------------------------------------------------------------------------------
2022/06/05 09:35:42 traintask.go:471: [TrainWorker]: cmd is "/opt/falcon/build/src/executor/falcon --party-id 0 --party-num 3 --party-type 0 --fl-setting 1 --network-file CgkxMjcuMC4wLjEKCTEyNy4wLjAuMQoJMTI3LjAuMC4xEgsKCcOsAcSsAcWsARILCgnIrAHJrAHKrAESCwoJzawBzqwBz6wBGgsKCcCDA8CDA8CDAw== --log-file /opt/falcon/src/falcon_platform/falcon_logs/Party-0_20220603_205609/runtime_logs/pty0-cent-worker6-job6-tr-pred-task-stage-lime_compute_prediction/worker --data-input-file /dataPath/client.txt --data-output-file /dataOutputPath --existing-key 1 --key-file /dataPath/phe_keys --algorithm-name lime_compute_prediction --algorithm-params ChNsb2dpc3RpY19yZWdyZXNzaW9uEhcvbG9nX3JlZy9zYXZlZF9tb2RlbC5wYhoZL2xvZ19yZWcvc2FtcGxlZF9kYXRhLnR4dCIOY2xhc3NpZmljYXRpb24oAjIYL2xvZ19yZWcvcHJlZGljdGlvbnMudHh0 --model-save-file /modelPath/saved_model.pb --model-report-file /modelPath/report.txt --is-inference 0 --inference-endpoint 0 --is-distributed 0 --distributed-train-network-file 0 --worker-id 0 --distributed-role 2"
2022/06/05 09:35:42 traintask.go:472: ---------------------------------------------------------------------------------
2022/06/05 09:35:42 traintask.go:475: [TrainWorker]: task lime prediction start
2022/06/05 09:35:42 mngr-process.go:123: [subProcessMngr]: open subProcess, PID= 114
2022/06/05 09:35:42 mngr-process.go:144: [subProcessMngr]: running cmd = /opt/falcon/build/src/executor/falcon --party-id 0 --party-num 3 --party-type 0 --fl-setting 1 --network-file CgkxMjcuMC4wLjEKCTEyNy4wLjAuMQoJMTI3LjAuMC4xEgsKCcOsAcSsAcWsARILCgnIrAHJrAHKrAESCwoJzawBzqwBz6wBGgsKCcCDA8CDA8CDAw== --log-file /opt/falcon/src/falcon_platform/falcon_logs/Party-0_20220603_205609/runtime_logs/pty0-cent-worker6-job6-tr-pred-task-stage-lime_compute_prediction/worker --data-input-file /dataPath/client.txt --data-output-file /dataOutputPath --existing-key 1 --key-file /dataPath/phe_keys --algorithm-name lime_compute_prediction --algorithm-params ChNsb2dpc3RpY19yZWdyZXNzaW9uEhcvbG9nX3JlZy9zYXZlZF9tb2RlbC5wYhoZL2xvZ19yZWcvc2FtcGxlZF9kYXRhLnR4dCIOY2xhc3NpZmljYXRpb24oAjIYL2xvZ19yZWcvcHJlZGljdGlvbnMudHh0 --model-save-file /modelPath/saved_model.pb --model-report-file /modelPath/report.txt --is-inference 0 --inference-endpoint 0 --is-distributed 0 --distributed-train-network-file 0 --worker-id 0 --distributed-role 2
 subprocess exit status: << exit status 1 >> 
2022/06/05 09:35:42 manager.go:86: [ResourceManager]: TaskStatus is marked as = task-failed, CreateResources error msg is: 
============> 
ASAN:DEADLYSIGNAL
=================================================================
==114==ERROR: AddressSanitizer: SEGV on unknown address 0x000000000000 (pc 0x7f6c16f441d0 bp 0x602000047b10 sp 0x7ffc0677cb68 T0)
==114==The signal is caused by a READ memory access.
==114==Hint: address points to the zero page.
    #0 0x7f6c16f441cf in __gmpn_copyi (/usr/lib/x86_64-linux-gnu/libgmp.so.10+0x621cf)

AddressSanitizer can not provide additional info.
SUMMARY: AddressSanitizer: SEGV (/usr/lib/x86_64-linux-gnu/libgmp.so.10+0x621cf) in __gmpn_copyi
==114==ABORTING
 
<============
2022/06/05 09:35:42 manager.go:105: [ResourceManager]: DeleteResources done
2022/06/05 09:35:42 trainworker.go:98: [TrainWorker]: WorkerAddr 127.0.0.1:22082, TrainWorker.DoTask Done for task lime_pred_task 
2022/06/05 09:35:42 workerbase.go:110: [WorkerBase]: Shutdown called, TrainWorker: Shutdown 127.0.0.1:22082
2022/06/05 09:35:42 manager.go:100: [ResourceManager]: Wait worker kill all process/containers
2022/06/05 09:35:42 manager.go:105: [ResourceManager]: DeleteResources done
2022/06/05 09:35:42 manager.go:105: [ResourceManager]: DeleteResources done
2022/06/05 09:35:42 rpcbase.go:90: [TrainWorker]: Listener.Accept Error: accept tcp [::]:22082: use of closed network connection 
