Determining if the pthread_create exist failed with the following output:
Change Dir: /home/wuyuncheng/Documents/projects/falcon/src/cmake-build-debug/CMakeFiles/CMakeTmp

Run Build Command(s):/usr/bin/make cmTC_4df23/fast 
/usr/bin/make -f CMakeFiles/cmTC_4df23.dir/build.make CMakeFiles/cmTC_4df23.dir/build
make[1]: Entering directory '/home/wuyuncheng/Documents/projects/falcon/src/cmake-build-debug/CMakeFiles/CMakeTmp'
Building C object CMakeFiles/cmTC_4df23.dir/CheckSymbolExists.c.o
/usr/bin/cc    -o CMakeFiles/cmTC_4df23.dir/CheckSymbolExists.c.o   -c /home/wuyuncheng/Documents/projects/falcon/src/cmake-build-debug/CMakeFiles/CMakeTmp/CheckSymbolExists.c
Linking C executable cmTC_4df23
/home/wuyuncheng/Documents/softwares/clion-2019.2/bin/cmake/linux/bin/cmake -E cmake_link_script CMakeFiles/cmTC_4df23.dir/link.txt --verbose=1
/usr/bin/cc      CMakeFiles/cmTC_4df23.dir/CheckSymbolExists.c.o  -o cmTC_4df23 
/usr/local/bin/ld: CMakeFiles/cmTC_4df23.dir/CheckSymbolExists.c.o: in function `main':
CheckSymbolExists.c:(.text+0x1b): undefined reference to `pthread_create'
collect2: error: ld returned 1 exit status
CMakeFiles/cmTC_4df23.dir/build.make:86: recipe for target 'cmTC_4df23' failed
make[1]: *** [cmTC_4df23] Error 1
make[1]: Leaving directory '/home/wuyuncheng/Documents/projects/falcon/src/cmake-build-debug/CMakeFiles/CMakeTmp'
Makefile:121: recipe for target 'cmTC_4df23/fast' failed
make: *** [cmTC_4df23/fast] Error 2

File /home/wuyuncheng/Documents/projects/falcon/src/cmake-build-debug/CMakeFiles/CMakeTmp/CheckSymbolExists.c:
/* */
#include <pthread.h>

int main(int argc, char** argv)
{
  (void)argv;
#ifndef pthread_create
  return ((int*)(&pthread_create))[argc];
#else
  (void)argc;
  return 0;
#endif
}

Determining if the function pthread_create exists in the pthreads failed with the following output:
Change Dir: /home/wuyuncheng/Documents/projects/falcon/src/cmake-build-debug/CMakeFiles/CMakeTmp

Run Build Command(s):/usr/bin/make cmTC_76bb4/fast 
/usr/bin/make -f CMakeFiles/cmTC_76bb4.dir/build.make CMakeFiles/cmTC_76bb4.dir/build
make[1]: Entering directory '/home/wuyuncheng/Documents/projects/falcon/src/cmake-build-debug/CMakeFiles/CMakeTmp'
Building C object CMakeFiles/cmTC_76bb4.dir/CheckFunctionExists.c.o
/usr/bin/cc   -DCHECK_FUNCTION_EXISTS=pthread_create   -o CMakeFiles/cmTC_76bb4.dir/CheckFunctionExists.c.o   -c /home/wuyuncheng/Documents/softwares/clion-2019.2/bin/cmake/linux/share/cmake-3.14/Modules/CheckFunctionExists.c
Linking C executable cmTC_76bb4
/home/wuyuncheng/Documents/softwares/clion-2019.2/bin/cmake/linux/bin/cmake -E cmake_link_script CMakeFiles/cmTC_76bb4.dir/link.txt --verbose=1
/usr/bin/cc  -DCHECK_FUNCTION_EXISTS=pthread_create    CMakeFiles/cmTC_76bb4.dir/CheckFunctionExists.c.o  -o cmTC_76bb4 -lpthreads 
/usr/local/bin/ld: cannot find -lpthreads
collect2: error: ld returned 1 exit status
CMakeFiles/cmTC_76bb4.dir/build.make:86: recipe for target 'cmTC_76bb4' failed
make[1]: *** [cmTC_76bb4] Error 1
make[1]: Leaving directory '/home/wuyuncheng/Documents/projects/falcon/src/cmake-build-debug/CMakeFiles/CMakeTmp'
Makefile:121: recipe for target 'cmTC_76bb4/fast' failed
make: *** [cmTC_76bb4/fast] Error 2


